[debug] [2024-09-20T11:13:16.355Z] ----------------------------------------------------------------------
[debug] [2024-09-20T11:13:16.357Z] Command:       C:\Program Files\nodejs\node.exe C:\Program Files\nodejs\node_modules\firebase-tools\lib\bin\firebase.js deploy --only functions
[debug] [2024-09-20T11:13:16.358Z] CLI Version:   13.18.0
[debug] [2024-09-20T11:13:16.358Z] Platform:      win32
[debug] [2024-09-20T11:13:16.358Z] Node Version:  v18.20.4
[debug] [2024-09-20T11:13:16.359Z] Time:          Fri Sep 20 2024 13:13:16 GMT+0200 (heure d’été d’Europe centrale)
[debug] [2024-09-20T11:13:16.359Z] ----------------------------------------------------------------------
[debug] 
[debug] [2024-09-20T11:13:16.442Z] > command requires scopes: ["email","openid","https://www.googleapis.com/auth/cloudplatformprojects.readonly","https://www.googleapis.com/auth/firebase","https://www.googleapis.com/auth/cloud-platform"]
[debug] [2024-09-20T11:13:16.442Z] > authorizing via signed-in user (anthony.casares@lindow.fr)
[debug] [2024-09-20T11:13:16.442Z] [iam] checking project drivegazland for permissions ["cloudfunctions.functions.create","cloudfunctions.functions.delete","cloudfunctions.functions.get","cloudfunctions.functions.list","cloudfunctions.functions.update","cloudfunctions.operations.get","firebase.projects.get"]
[debug] [2024-09-20T11:13:16.445Z] >>> [apiv2][query] POST https://cloudresourcemanager.googleapis.com/v1/projects/drivegazland:testIamPermissions [none]
[debug] [2024-09-20T11:13:16.445Z] >>> [apiv2][(partial)header] POST https://cloudresourcemanager.googleapis.com/v1/projects/drivegazland:testIamPermissions x-goog-quota-user=projects/drivegazland
[debug] [2024-09-20T11:13:16.446Z] >>> [apiv2][body] POST https://cloudresourcemanager.googleapis.com/v1/projects/drivegazland:testIamPermissions {"permissions":["cloudfunctions.functions.create","cloudfunctions.functions.delete","cloudfunctions.functions.get","cloudfunctions.functions.list","cloudfunctions.functions.update","cloudfunctions.operations.get","firebase.projects.get"]}
[debug] [2024-09-20T11:13:17.138Z] <<< [apiv2][status] POST https://cloudresourcemanager.googleapis.com/v1/projects/drivegazland:testIamPermissions 200
[debug] [2024-09-20T11:13:17.139Z] <<< [apiv2][body] POST https://cloudresourcemanager.googleapis.com/v1/projects/drivegazland:testIamPermissions {"permissions":["cloudfunctions.functions.create","cloudfunctions.functions.delete","cloudfunctions.functions.get","cloudfunctions.functions.list","cloudfunctions.functions.update","cloudfunctions.operations.get","firebase.projects.get"]}
[debug] [2024-09-20T11:13:17.139Z] >>> [apiv2][query] POST https://iam.googleapis.com/v1/projects/drivegazland/serviceAccounts/drivegazland@appspot.gserviceaccount.com:testIamPermissions [none]
[debug] [2024-09-20T11:13:17.139Z] >>> [apiv2][body] POST https://iam.googleapis.com/v1/projects/drivegazland/serviceAccounts/drivegazland@appspot.gserviceaccount.com:testIamPermissions {"permissions":["iam.serviceAccounts.actAs"]}
[debug] [2024-09-20T11:13:17.787Z] <<< [apiv2][status] POST https://iam.googleapis.com/v1/projects/drivegazland/serviceAccounts/drivegazland@appspot.gserviceaccount.com:testIamPermissions 200
[debug] [2024-09-20T11:13:17.787Z] <<< [apiv2][body] POST https://iam.googleapis.com/v1/projects/drivegazland/serviceAccounts/drivegazland@appspot.gserviceaccount.com:testIamPermissions {"permissions":["iam.serviceAccounts.actAs"]}
[info] 
[info] === Deploying to 'drivegazland'...
[info] 
[info] i  deploying functions 
[info] Running command: npm --prefix "$RESOURCE_DIR" run build
[info] +  functions: Finished running predeploy script. 
[debug] [2024-09-20T11:13:24.147Z] >>> [apiv2][query] GET https://firebase.googleapis.com/v1beta1/projects/drivegazland [none]
[debug] [2024-09-20T11:13:24.409Z] <<< [apiv2][status] GET https://firebase.googleapis.com/v1beta1/projects/drivegazland 200
[debug] [2024-09-20T11:13:24.410Z] <<< [apiv2][body] GET https://firebase.googleapis.com/v1beta1/projects/drivegazland {"projectId":"drivegazland","projectNumber":"159250775284","displayName":"DriveGazland","name":"projects/drivegazland","resources":{"hostingSite":"drivegazland","storageBucket":"drivegazland.appspot.com","locationId":"europe-west"},"state":"ACTIVE","etag":"1_c59e7fe2-cf99-4a53-9b01-76b79e5a18ac"}
[info] i  functions: preparing codebase default for deployment 
[info] i  functions: ensuring required API cloudfunctions.googleapis.com is enabled... 
[info] i  functions: ensuring required API cloudbuild.googleapis.com is enabled... 
[info] i  artifactregistry: ensuring required API artifactregistry.googleapis.com is enabled... 
[debug] [2024-09-20T11:13:24.414Z] >>> [apiv2][query] GET https://serviceusage.googleapis.com/v1/projects/drivegazland/services/cloudfunctions.googleapis.com [none]
[debug] [2024-09-20T11:13:24.414Z] >>> [apiv2][(partial)header] GET https://serviceusage.googleapis.com/v1/projects/drivegazland/services/cloudfunctions.googleapis.com x-goog-quota-user=projects/drivegazland
[debug] [2024-09-20T11:13:24.415Z] >>> [apiv2][query] GET https://serviceusage.googleapis.com/v1/projects/drivegazland/services/runtimeconfig.googleapis.com [none]
[debug] [2024-09-20T11:13:24.415Z] >>> [apiv2][(partial)header] GET https://serviceusage.googleapis.com/v1/projects/drivegazland/services/runtimeconfig.googleapis.com x-goog-quota-user=projects/drivegazland
[debug] [2024-09-20T11:13:24.415Z] >>> [apiv2][query] GET https://serviceusage.googleapis.com/v1/projects/drivegazland/services/cloudbuild.googleapis.com [none]
[debug] [2024-09-20T11:13:24.416Z] >>> [apiv2][(partial)header] GET https://serviceusage.googleapis.com/v1/projects/drivegazland/services/cloudbuild.googleapis.com x-goog-quota-user=projects/drivegazland
[debug] [2024-09-20T11:13:24.417Z] >>> [apiv2][query] GET https://serviceusage.googleapis.com/v1/projects/drivegazland/services/artifactregistry.googleapis.com [none]
[debug] [2024-09-20T11:13:24.417Z] >>> [apiv2][(partial)header] GET https://serviceusage.googleapis.com/v1/projects/drivegazland/services/artifactregistry.googleapis.com x-goog-quota-user=projects/drivegazland
[debug] [2024-09-20T11:13:25.271Z] <<< [apiv2][status] GET https://serviceusage.googleapis.com/v1/projects/drivegazland/services/cloudfunctions.googleapis.com 200
[debug] [2024-09-20T11:13:25.271Z] <<< [apiv2][body] GET https://serviceusage.googleapis.com/v1/projects/drivegazland/services/cloudfunctions.googleapis.com [omitted]
[info] +  functions: required API cloudfunctions.googleapis.com is enabled 
[debug] [2024-09-20T11:13:25.274Z] <<< [apiv2][status] GET https://serviceusage.googleapis.com/v1/projects/drivegazland/services/cloudbuild.googleapis.com 200
[debug] [2024-09-20T11:13:25.274Z] <<< [apiv2][body] GET https://serviceusage.googleapis.com/v1/projects/drivegazland/services/cloudbuild.googleapis.com [omitted]
[info] +  functions: required API cloudbuild.googleapis.com is enabled 
[debug] [2024-09-20T11:13:25.275Z] <<< [apiv2][status] GET https://serviceusage.googleapis.com/v1/projects/drivegazland/services/runtimeconfig.googleapis.com 200
[debug] [2024-09-20T11:13:25.275Z] <<< [apiv2][body] GET https://serviceusage.googleapis.com/v1/projects/drivegazland/services/runtimeconfig.googleapis.com [omitted]
[debug] [2024-09-20T11:13:25.281Z] <<< [apiv2][status] GET https://serviceusage.googleapis.com/v1/projects/drivegazland/services/artifactregistry.googleapis.com 200
[debug] [2024-09-20T11:13:25.281Z] <<< [apiv2][body] GET https://serviceusage.googleapis.com/v1/projects/drivegazland/services/artifactregistry.googleapis.com [omitted]
[info] +  artifactregistry: required API artifactregistry.googleapis.com is enabled 
[debug] [2024-09-20T11:13:25.283Z] >>> [apiv2][query] GET https://firebase.googleapis.com/v1beta1/projects/drivegazland/adminSdkConfig [none]
[debug] [2024-09-20T11:13:25.741Z] <<< [apiv2][status] GET https://firebase.googleapis.com/v1beta1/projects/drivegazland/adminSdkConfig 200
[debug] [2024-09-20T11:13:25.741Z] <<< [apiv2][body] GET https://firebase.googleapis.com/v1beta1/projects/drivegazland/adminSdkConfig {"projectId":"drivegazland","storageBucket":"drivegazland.appspot.com","locationId":"europe-west"}
[debug] [2024-09-20T11:13:25.741Z] >>> [apiv2][query] GET https://runtimeconfig.googleapis.com/v1beta1/projects/drivegazland/configs [none]
[debug] [2024-09-20T11:13:25.938Z] <<< [apiv2][status] GET https://runtimeconfig.googleapis.com/v1beta1/projects/drivegazland/configs 200
[debug] [2024-09-20T11:13:25.938Z] <<< [apiv2][body] GET https://runtimeconfig.googleapis.com/v1beta1/projects/drivegazland/configs {}
[debug] [2024-09-20T11:13:25.940Z] Validating nodejs source
[warn] !  functions: Runtime Node.js 16 was deprecated on 2024-01-30 and will be decommissioned on 2025-01-30, after which you will not be able to deploy without upgrading. Consider upgrading now to avoid disruption. See https://cloud.google.com/functions/docs/runtime-support for full details on the lifecycle policy 
[debug] [2024-09-20T11:13:27.232Z] > [functions] package.json contents: {
  "name": "functions",
  "scripts": {
    "build": "tsc",
    "build:watch": "tsc --watch",
    "serve": "npm run build && firebase emulators:start --only functions",
    "shell": "npm run build && firebase functions:shell",
    "start": "npm run shell",
    "deploy": "firebase deploy --only functions",
    "logs": "firebase functions:log"
  },
  "engines": {
    "node": "16"
  },
  "main": "lib/index.js",
  "dependencies": {
    "firebase-admin": "^12.5.0",
    "firebase-functions": "^6.0.1",
    "p-try": "^3.0.0"
  },
  "devDependencies": {
    "firebase-functions-test": "^3.1.0",
    "typescript": "^4.9.0"
  },
  "private": true
}
[debug] [2024-09-20T11:13:27.233Z] Building nodejs source
[info] i  functions: Loading and analyzing source code for codebase default to determine what to deploy 
[debug] [2024-09-20T11:13:27.234Z] Could not find functions.yaml. Must use http discovery
[debug] [2024-09-20T11:13:27.244Z] Found firebase-functions binary at 'C:\Users\lindo\OneDrive\Bureau\DriveGazland\functions\node_modules\.bin\firebase-functions'
[info] Serving at port 8300

[debug] [2024-09-20T11:13:27.672Z] Got response from /__/functions.yaml {"endpoints":{"onFileDelete":{"availableMemoryMb":null,"timeoutSeconds":null,"minInstances":null,"maxInstances":null,"ingressSettings":null,"concurrency":null,"serviceAccountEmail":null,"vpc":null,"platform":"gcfv2","labels":{},"eventTrigger":{"eventType":"google.cloud.firestore.document.v1.deleted","eventFilters":{"database":"(default)","namespace":"(default)"},"eventFilterPathPatterns":{"document":"files/{fileId}"},"retry":false},"entryPoint":"onFileDelete"}},"specVersion":"v1alpha1","requiredAPIs":[],"extensions":{}}
[info] i  functions: preparing functions directory for uploading... 
[info] i  functions: packaged C:\Users\lindo\OneDrive\Bureau\DriveGazland\functions (59.57 KB) for uploading 
[debug] [2024-09-20T11:13:27.770Z] >>> [apiv2][query] GET https://cloudfunctions.googleapis.com/v1/projects/drivegazland/locations/-/functions [none]
[debug] [2024-09-20T11:13:28.344Z] <<< [apiv2][status] GET https://cloudfunctions.googleapis.com/v1/projects/drivegazland/locations/-/functions 200
[debug] [2024-09-20T11:13:28.344Z] <<< [apiv2][body] GET https://cloudfunctions.googleapis.com/v1/projects/drivegazland/locations/-/functions {}
[debug] [2024-09-20T11:13:28.345Z] >>> [apiv2][query] GET https://cloudfunctions.googleapis.com/v2/projects/drivegazland/locations/-/functions filter=environment%3D%22GEN_2%22
[debug] [2024-09-20T11:13:29.329Z] <<< [apiv2][status] GET https://cloudfunctions.googleapis.com/v2/projects/drivegazland/locations/-/functions 200
[debug] [2024-09-20T11:13:29.329Z] <<< [apiv2][body] GET https://cloudfunctions.googleapis.com/v2/projects/drivegazland/locations/-/functions {"functions":[{"name":"projects/drivegazland/locations/europe-west1/functions/ssrdrivegazland","buildConfig":{"build":"projects/159250775284/locations/europe-west1/builds/380b7160-eaff-4f51-9643-c4a266cb5c8a","runtime":"nodejs20","entryPoint":"ssrdrivegazland","source":{"storageSource":{"bucket":"gcf-v2-sources-159250775284-europe-west1","object":"ssrdrivegazland/function-source.zip","generation":"1724686901474588"}},"environmentVariables":{"GOOGLE_NODE_RUN_SCRIPTS":""},"dockerRepository":"projects/drivegazland/locations/europe-west1/repositories/gcf-artifacts","sourceProvenance":{"resolvedStorageSource":{"bucket":"gcf-v2-sources-159250775284-europe-west1","object":"ssrdrivegazland/function-source.zip","generation":"1724686901474588"}},"dockerRegistry":"ARTIFACT_REGISTRY","serviceAccount":"projects/drivegazland/serviceAccounts/159250775284-compute@developer.gserviceaccount.com","automaticUpdatePolicy":{}},"state":"UNKNOWN","updateTime":"2024-08-27T09:34:15.939881817Z","labels":{"firebase-functions-hash":"0bee1b93931aa90afbc5d07c4ac8f9ebcc60fa21","deployment-tool":"cli-firebase","firebase-functions-codebase":"firebase-frameworks-drivegazland"},"stateMessages":[{"severity":"ERROR","type":"CloudRunServiceNotFound","message":"Cloud Run service projects/drivegazland/locations/europe-west1/services/ssrdrivegazland for the function was not found. The function will not work correctly. Please redeploy."}],"environment":"GEN_2","url":"https://europe-west1-drivegazland.cloudfunctions.net/ssrdrivegazland","createTime":"2024-08-26T15:41:41.850830755Z"}]}
[debug] [2024-09-20T11:13:29.330Z] >>> [apiv2][query] GET https://firestore.googleapis.com/v1/projects/drivegazland/databases/(default) [none]
[debug] [2024-09-20T11:13:29.463Z] <<< [apiv2][status] GET https://firestore.googleapis.com/v1/projects/drivegazland/databases/(default) 200
[debug] [2024-09-20T11:13:29.463Z] <<< [apiv2][body] GET https://firestore.googleapis.com/v1/projects/drivegazland/databases/(default) {"name":"projects/drivegazland/databases/(default)","uid":"054ea952-f6f5-43b2-9ae8-5ea76427630d","createTime":"2024-08-31T01:23:27.991589Z","updateTime":"2024-08-31T01:23:27.991589Z","locationId":"eur3","type":"FIRESTORE_NATIVE","concurrencyMode":"PESSIMISTIC","versionRetentionPeriod":"3600s","earliestVersionTime":"2024-09-20T10:13:29.532295Z","appEngineIntegrationMode":"DISABLED","keyPrefix":"e","pointInTimeRecoveryEnablement":"POINT_IN_TIME_RECOVERY_DISABLED","deleteProtectionState":"DELETE_PROTECTION_DISABLED","etag":"IO2K9Yey0YgDMNeXp5aYn4gD"}
[info] i  functions: ensuring required API run.googleapis.com is enabled... 
[info] i  functions: ensuring required API eventarc.googleapis.com is enabled... 
[info] i  functions: ensuring required API pubsub.googleapis.com is enabled... 
[info] i  functions: ensuring required API storage.googleapis.com is enabled... 
[debug] [2024-09-20T11:13:29.467Z] >>> [apiv2][query] GET https://serviceusage.googleapis.com/v1/projects/drivegazland/services/run.googleapis.com [none]
[debug] [2024-09-20T11:13:29.467Z] >>> [apiv2][(partial)header] GET https://serviceusage.googleapis.com/v1/projects/drivegazland/services/run.googleapis.com x-goog-quota-user=projects/drivegazland
[debug] [2024-09-20T11:13:29.469Z] >>> [apiv2][query] GET https://serviceusage.googleapis.com/v1/projects/drivegazland/services/eventarc.googleapis.com [none]
[debug] [2024-09-20T11:13:29.469Z] >>> [apiv2][(partial)header] GET https://serviceusage.googleapis.com/v1/projects/drivegazland/services/eventarc.googleapis.com x-goog-quota-user=projects/drivegazland
[debug] [2024-09-20T11:13:29.470Z] >>> [apiv2][query] GET https://serviceusage.googleapis.com/v1/projects/drivegazland/services/pubsub.googleapis.com [none]
[debug] [2024-09-20T11:13:29.470Z] >>> [apiv2][(partial)header] GET https://serviceusage.googleapis.com/v1/projects/drivegazland/services/pubsub.googleapis.com x-goog-quota-user=projects/drivegazland
[debug] [2024-09-20T11:13:29.471Z] >>> [apiv2][query] GET https://serviceusage.googleapis.com/v1/projects/drivegazland/services/storage.googleapis.com [none]
[debug] [2024-09-20T11:13:29.471Z] >>> [apiv2][(partial)header] GET https://serviceusage.googleapis.com/v1/projects/drivegazland/services/storage.googleapis.com x-goog-quota-user=projects/drivegazland
[debug] [2024-09-20T11:13:30.295Z] <<< [apiv2][status] GET https://serviceusage.googleapis.com/v1/projects/drivegazland/services/eventarc.googleapis.com 200
[debug] [2024-09-20T11:13:30.295Z] <<< [apiv2][body] GET https://serviceusage.googleapis.com/v1/projects/drivegazland/services/eventarc.googleapis.com [omitted]
[info] +  functions: required API eventarc.googleapis.com is enabled 
[debug] [2024-09-20T11:13:30.304Z] <<< [apiv2][status] GET https://serviceusage.googleapis.com/v1/projects/drivegazland/services/pubsub.googleapis.com 200
[debug] [2024-09-20T11:13:30.304Z] <<< [apiv2][body] GET https://serviceusage.googleapis.com/v1/projects/drivegazland/services/pubsub.googleapis.com [omitted]
[info] +  functions: required API pubsub.googleapis.com is enabled 
[debug] [2024-09-20T11:13:30.307Z] <<< [apiv2][status] GET https://serviceusage.googleapis.com/v1/projects/drivegazland/services/run.googleapis.com 200
[debug] [2024-09-20T11:13:30.307Z] <<< [apiv2][body] GET https://serviceusage.googleapis.com/v1/projects/drivegazland/services/run.googleapis.com [omitted]
[info] +  functions: required API run.googleapis.com is enabled 
[debug] [2024-09-20T11:13:30.346Z] <<< [apiv2][status] GET https://serviceusage.googleapis.com/v1/projects/drivegazland/services/storage.googleapis.com 200
[debug] [2024-09-20T11:13:30.346Z] <<< [apiv2][body] GET https://serviceusage.googleapis.com/v1/projects/drivegazland/services/storage.googleapis.com [omitted]
[info] +  functions: required API storage.googleapis.com is enabled 
[info] i  functions: generating the service identity for pubsub.googleapis.com... 
[info] i  functions: generating the service identity for eventarc.googleapis.com... 
[debug] [2024-09-20T11:13:30.349Z] >>> [apiv2][query] POST https://serviceusage.googleapis.com/v1beta1/projects/159250775284/services/pubsub.googleapis.com:generateServiceIdentity [none]
[debug] [2024-09-20T11:13:30.350Z] >>> [apiv2][query] POST https://serviceusage.googleapis.com/v1beta1/projects/159250775284/services/eventarc.googleapis.com:generateServiceIdentity [none]
[debug] [2024-09-20T11:13:31.191Z] <<< [apiv2][status] POST https://serviceusage.googleapis.com/v1beta1/projects/159250775284/services/eventarc.googleapis.com:generateServiceIdentity 200
[debug] [2024-09-20T11:13:31.191Z] <<< [apiv2][body] POST https://serviceusage.googleapis.com/v1beta1/projects/159250775284/services/eventarc.googleapis.com:generateServiceIdentity {"name":"operations/finished.DONE_OPERATION","done":true,"response":{"@type":"type.googleapis.com/google.api.serviceusage.v1beta1.ServiceIdentity","email":"service-159250775284@gcp-sa-eventarc.iam.gserviceaccount.com","uniqueId":"104668981758663303223"}}
[debug] [2024-09-20T11:13:31.199Z] <<< [apiv2][status] POST https://serviceusage.googleapis.com/v1beta1/projects/159250775284/services/pubsub.googleapis.com:generateServiceIdentity 200
[debug] [2024-09-20T11:13:31.199Z] <<< [apiv2][body] POST https://serviceusage.googleapis.com/v1beta1/projects/159250775284/services/pubsub.googleapis.com:generateServiceIdentity {"name":"operations/finished.DONE_OPERATION","done":true,"response":{"@type":"type.googleapis.com/google.api.serviceusage.v1beta1.ServiceIdentity","email":"service-159250775284@gcp-sa-pubsub.iam.gserviceaccount.com","uniqueId":"102402086001402609881"}}
[debug] [2024-09-20T11:13:31.201Z] >>> [apiv2][query] POST https://cloudresourcemanager.googleapis.com/v1/projects/159250775284:getIamPolicy [none]
[debug] [2024-09-20T11:13:31.915Z] <<< [apiv2][status] POST https://cloudresourcemanager.googleapis.com/v1/projects/159250775284:getIamPolicy 200
[debug] [2024-09-20T11:13:31.915Z] <<< [apiv2][body] POST https://cloudresourcemanager.googleapis.com/v1/projects/159250775284:getIamPolicy {"version":1,"etag":"BwYiiTisiUs=","bindings":[{"role":"roles/appengine.appAdmin","members":["serviceAccount:159250775284-compute@developer.gserviceaccount.com","serviceAccount:159250775284@cloudbuild.gserviceaccount.com","serviceAccount:drivegazland@appspot.gserviceaccount.com","serviceAccount:firebase-adminsdk-dieml@drivegazland.iam.gserviceaccount.com"]},{"role":"roles/artifactregistry.admin","members":["serviceAccount:159250775284-compute@developer.gserviceaccount.com"]},{"role":"roles/artifactregistry.reader","members":["serviceAccount:159250775284-compute@developer.gserviceaccount.com"]},{"role":"roles/artifactregistry.serviceAgent","members":["serviceAccount:service-159250775284@gcp-sa-artifactregistry.iam.gserviceaccount.com"]},{"role":"roles/artifactregistry.writer","members":["serviceAccount:159250775284-compute@developer.gserviceaccount.com"]},{"role":"roles/cloudbuild.builds.builder","members":["serviceAccount:159250775284@cloudbuild.gserviceaccount.com"]},{"role":"roles/cloudbuild.serviceAgent","members":["serviceAccount:service-159250775284@gcp-sa-cloudbuild.iam.gserviceaccount.com"]},{"role":"roles/cloudbuild.workerPoolUser","members":["serviceAccount:159250775284-compute@developer.gserviceaccount.com","serviceAccount:159250775284@cloudbuild.gserviceaccount.com","serviceAccount:drivegazland@appspot.gserviceaccount.com","serviceAccount:firebase-adminsdk-dieml@drivegazland.iam.gserviceaccount.com"]},{"role":"roles/cloudfunctions.developer","members":["serviceAccount:159250775284-compute@developer.gserviceaccount.com","serviceAccount:159250775284@cloudbuild.gserviceaccount.com","serviceAccount:drivegazland@appspot.gserviceaccount.com","serviceAccount:firebase-adminsdk-dieml@drivegazland.iam.gserviceaccount.com"]},{"role":"roles/cloudfunctions.serviceAgent","members":["serviceAccount:service-159250775284@gcf-admin-robot.iam.gserviceaccount.com"]},{"role":"roles/cloudjobdiscovery.admin","members":["serviceAccount:159250775284-compute@developer.gserviceaccount.com","serviceAccount:drivegazland@appspot.gserviceaccount.com","serviceAccount:firebase-adminsdk-dieml@drivegazland.iam.gserviceaccount.com","serviceAccount:firebase-service-account@firebase-sa-management.iam.gserviceaccount.com","user:anthony.casares@lindow.fr"]},{"role":"roles/cloudkms.cryptoKeyDecrypter","members":["serviceAccount:159250775284-compute@developer.gserviceaccount.com","serviceAccount:159250775284@cloudbuild.gserviceaccount.com","serviceAccount:drivegazland@appspot.gserviceaccount.com","serviceAccount:firebase-adminsdk-dieml@drivegazland.iam.gserviceaccount.com"]},{"role":"roles/compute.instanceAdmin.v1","members":["serviceAccount:159250775284-compute@developer.gserviceaccount.com","serviceAccount:159250775284@cloudbuild.gserviceaccount.com","serviceAccount:drivegazland@appspot.gserviceaccount.com","serviceAccount:firebase-adminsdk-dieml@drivegazland.iam.gserviceaccount.com"]},{"role":"roles/container.developer","members":["serviceAccount:159250775284-compute@developer.gserviceaccount.com","serviceAccount:159250775284@cloudbuild.gserviceaccount.com","serviceAccount:drivegazland@appspot.gserviceaccount.com","serviceAccount:firebase-adminsdk-dieml@drivegazland.iam.gserviceaccount.com"]},{"role":"roles/containerregistry.ServiceAgent","members":["serviceAccount:service-159250775284@containerregistry.iam.gserviceaccount.com"]},{"role":"roles/eventarc.eventReceiver","members":["serviceAccount:159250775284-compute@developer.gserviceaccount.com"]},{"role":"roles/eventarc.serviceAgent","members":["serviceAccount:159250775284-compute@developer.gserviceaccount.com","serviceAccount:drivegazland@appspot.gserviceaccount.com","serviceAccount:firebase-adminsdk-dieml@drivegazland.iam.gserviceaccount.com","serviceAccount:firebase-service-account@firebase-sa-management.iam.gserviceaccount.com","serviceAccount:service-159250775284@gcp-sa-eventarc.iam.gserviceaccount.com"]},{"role":"roles/firebase.admin","members":["serviceAccount:159250775284-compute@developer.gserviceaccount.com","serviceAccount:159250775284@cloudbuild.gserviceaccount.com","serviceAccount:drivegazland@appspot.gserviceaccount.com","serviceAccount:firebase-adminsdk-dieml@drivegazland.iam.gserviceaccount.com"]},{"role":"roles/firebase.managementServiceAgent","members":["serviceAccount:firebase-service-account@firebase-sa-management.iam.gserviceaccount.com","serviceAccount:service-159250775284@gcp-sa-firebase.iam.gserviceaccount.com"]},{"role":"roles/firebase.sdkAdminServiceAgent","members":["serviceAccount:firebase-adminsdk-dieml@drivegazland.iam.gserviceaccount.com"]},{"role":"roles/firebaseauth.admin","members":["serviceAccount:firebase-adminsdk-dieml@drivegazland.iam.gserviceaccount.com"]},{"role":"roles/firebaserules.system","members":["serviceAccount:service-159250775284@firebase-rules.iam.gserviceaccount.com"]},{"role":"roles/firebasestorage.serviceAgent","members":["serviceAccount:service-159250775284@gcp-sa-firebasestorage.iam.gserviceaccount.com"]},{"role":"roles/firestore.serviceAgent","members":["serviceAccount:service-159250775284@gcp-sa-firestore.iam.gserviceaccount.com"]},{"role":"roles/iam.serviceAccountTokenCreator","members":["serviceAccount:firebase-adminsdk-dieml@drivegazland.iam.gserviceaccount.com","serviceAccount:service-159250775284@gcp-sa-pubsub.iam.gserviceaccount.com"]},{"role":"roles/iam.serviceAccountUser","members":["serviceAccount:159250775284-compute@developer.gserviceaccount.com","serviceAccount:159250775284@cloudbuild.gserviceaccount.com","serviceAccount:drivegazland@appspot.gserviceaccount.com","serviceAccount:firebase-adminsdk-dieml@drivegazland.iam.gserviceaccount.com"]},{"role":"roles/logging.bucketWriter","members":["serviceAccount:159250775284-compute@developer.gserviceaccount.com"]},{"role":"roles/logging.logWriter","members":["serviceAccount:159250775284-compute@developer.gserviceaccount.com","serviceAccount:159250775284@cloudbuild.gserviceaccount.com","serviceAccount:drivegazland@appspot.gserviceaccount.com"]},{"role":"roles/logging.viewer","members":["serviceAccount:159250775284-compute@developer.gserviceaccount.com","serviceAccount:firebase-service-account@firebase-sa-management.iam.gserviceaccount.com"]},{"role":"roles/owner","members":["user:anthony.casares@lindow.fr"]},{"role":"roles/run.admin","members":["serviceAccount:159250775284-compute@developer.gserviceaccount.com","serviceAccount:159250775284@cloudbuild.gserviceaccount.com","serviceAccount:drivegazland@appspot.gserviceaccount.com","serviceAccount:firebase-adminsdk-dieml@drivegazland.iam.gserviceaccount.com"]},{"role":"roles/run.invoker","members":["serviceAccount:159250775284-compute@developer.gserviceaccount.com"]},{"role":"roles/run.serviceAgent","members":["serviceAccount:service-159250775284@serverless-robot-prod.iam.gserviceaccount.com"]},{"role":"roles/secretmanager.secretAccessor","members":["serviceAccount:159250775284@cloudbuild.gserviceaccount.com","serviceAccount:firebase-adminsdk-dieml@drivegazland.iam.gserviceaccount.com"]},{"role":"roles/storage.admin","members":["serviceAccount:firebase-adminsdk-dieml@drivegazland.iam.gserviceaccount.com"]},{"role":"roles/viewer","members":["serviceAccount:159250775284-compute@developer.gserviceaccount.com"]}]}
[debug] [2024-09-20T11:13:31.916Z] >>> [apiv2][query] GET https://firebase.googleapis.com/v1beta1/projects/drivegazland [none]
[debug] [2024-09-20T11:13:32.178Z] <<< [apiv2][status] GET https://firebase.googleapis.com/v1beta1/projects/drivegazland 200
[debug] [2024-09-20T11:13:32.178Z] <<< [apiv2][body] GET https://firebase.googleapis.com/v1beta1/projects/drivegazland {"projectId":"drivegazland","projectNumber":"159250775284","displayName":"DriveGazland","name":"projects/drivegazland","resources":{"hostingSite":"drivegazland","storageBucket":"drivegazland.appspot.com","locationId":"europe-west"},"state":"ACTIVE","etag":"1_c59e7fe2-cf99-4a53-9b01-76b79e5a18ac"}
[debug] [2024-09-20T11:13:32.179Z] >>> [apiv2][query] POST https://cloudfunctions.googleapis.com/v2/projects/drivegazland/locations/us-central1/functions:generateUploadUrl [none]
[debug] [2024-09-20T11:13:33.054Z] <<< [apiv2][status] POST https://cloudfunctions.googleapis.com/v2/projects/drivegazland/locations/us-central1/functions:generateUploadUrl 200
[debug] [2024-09-20T11:13:33.054Z] <<< [apiv2][body] POST https://cloudfunctions.googleapis.com/v2/projects/drivegazland/locations/us-central1/functions:generateUploadUrl {"uploadUrl":"https://storage.googleapis.com/gcf-v2-uploads-159250775284-us-central1/2eb25a3d-d031-415a-b5fd-46eea4abd1cf.zip?GoogleAccessId=service-159250775284@gcf-admin-robot.iam.gserviceaccount.com&Expires=1726832613&Signature=LlAhbPxLm%2BkrqEwqdUDtqKVL%2BGuSZREz6oX2yH%2Ba3AlqcX%2BTA5iPbirHyks9fiM11F0yKfLuAkHOPENuqc%2B5qulRwC569b39Ce29z6cLMEfxJ8fP0nx6AWRF7pWRO%2FK5DsBskaK2gECcnsAVq0fXH%2FwsSxj%2Bqugulwxg%2Fh46FE7pPyoG1s4oupxXO4tBXggCX%2B6izwzrs5Sxh2rNYMVxWLBv1OIGG5XhcrgqUYyBV3lhk9L%2F%2F%2BnHfgWo6i30qwmtXLOAItyyf29a92uVJNY5f80oLQo2l327JROmSIOM%2FgZDvoATtnuP7FXv3bVpqZ0YtpMStB9kIIqeKTpWNnNdOg%3D%3D","storageSource":{"bucket":"gcf-v2-uploads-159250775284-us-central1","object":"2eb25a3d-d031-415a-b5fd-46eea4abd1cf.zip"}}
[debug] [2024-09-20T11:13:33.056Z] >>> [apiv2][query] PUT https://storage.googleapis.com/gcf-v2-uploads-159250775284-us-central1/2eb25a3d-d031-415a-b5fd-46eea4abd1cf.zip GoogleAccessId=service-159250775284%40gcf-admin-robot.iam.gserviceaccount.com&Expires=1726832613&Signature=LlAhbPxLm%2BkrqEwqdUDtqKVL%2BGuSZREz6oX2yH%2Ba3AlqcX%2BTA5iPbirHyks9fiM11F0yKfLuAkHOPENuqc%2B5qulRwC569b39Ce29z6cLMEfxJ8fP0nx6AWRF7pWRO%2FK5DsBskaK2gECcnsAVq0fXH%2FwsSxj%2Bqugulwxg%2Fh46FE7pPyoG1s4oupxXO4tBXggCX%2B6izwzrs5Sxh2rNYMVxWLBv1OIGG5XhcrgqUYyBV3lhk9L%2F%2F%2BnHfgWo6i30qwmtXLOAItyyf29a92uVJNY5f80oLQo2l327JROmSIOM%2FgZDvoATtnuP7FXv3bVpqZ0YtpMStB9kIIqeKTpWNnNdOg%3D%3D
[debug] [2024-09-20T11:13:33.056Z] >>> [apiv2][body] PUT https://storage.googleapis.com/gcf-v2-uploads-159250775284-us-central1/2eb25a3d-d031-415a-b5fd-46eea4abd1cf.zip [stream]
[debug] [2024-09-20T11:13:34.040Z] <<< [apiv2][status] PUT https://storage.googleapis.com/gcf-v2-uploads-159250775284-us-central1/2eb25a3d-d031-415a-b5fd-46eea4abd1cf.zip 200
[debug] [2024-09-20T11:13:34.040Z] <<< [apiv2][body] PUT https://storage.googleapis.com/gcf-v2-uploads-159250775284-us-central1/2eb25a3d-d031-415a-b5fd-46eea4abd1cf.zip [omitted]
[info] +  functions: functions folder uploaded successfully 
[info] i  functions: creating Node.js 16 (2nd Gen) function onFileDelete(us-central1)... 
[debug] [2024-09-20T11:13:34.045Z] >>> [apiv2][query] POST https://cloudfunctions.googleapis.com/v2/projects/drivegazland/locations/us-central1/functions functionId=onFileDelete
[debug] [2024-09-20T11:13:34.046Z] >>> [apiv2][body] POST https://cloudfunctions.googleapis.com/v2/projects/drivegazland/locations/us-central1/functions {"name":"projects/drivegazland/locations/us-central1/functions/onFileDelete","buildConfig":{"runtime":"nodejs16","entryPoint":"onFileDelete","source":{"storageSource":{"bucket":"gcf-v2-uploads-159250775284-us-central1","object":"2eb25a3d-d031-415a-b5fd-46eea4abd1cf.zip"}},"environmentVariables":{"GOOGLE_NODE_RUN_SCRIPTS":""}},"serviceConfig":{"environmentVariables":{"FIREBASE_CONFIG":"{\"projectId\":\"drivegazland\",\"storageBucket\":\"drivegazland.appspot.com\",\"locationId\":\"europe-west\"}","GCLOUD_PROJECT":"drivegazland","EVENTARC_CLOUD_EVENT_SOURCE":"projects/drivegazland/locations/us-central1/services/onFileDelete","FUNCTION_SIGNATURE_TYPE":"cloudevent","FUNCTION_TARGET":"onFileDelete"},"ingressSettings":null,"timeoutSeconds":null,"serviceAccountEmail":null,"availableMemory":"256Mi","minInstanceCount":null,"maxInstanceCount":null,"maxInstanceRequestConcurrency":80,"availableCpu":"1","vpcConnector":null,"vpcConnectorEgressSettings":null},"labels":{"deployment-tool":"cli-firebase","firebase-functions-hash":"697bed1d333f8bfab8eff390afa05cdc81ba1bec"},"eventTrigger":{"eventType":"google.cloud.firestore.document.v1.deleted","retryPolicy":"RETRY_POLICY_DO_NOT_RETRY","eventFilters":[{"attribute":"database","value":"(default)"},{"attribute":"namespace","value":"(default)"},{"attribute":"document","value":"files/{fileId}","operator":"match-path-pattern"}],"triggerRegion":"eur3"}}
[debug] [2024-09-20T11:13:36.454Z] <<< [apiv2][status] POST https://cloudfunctions.googleapis.com/v2/projects/drivegazland/locations/us-central1/functions 200
[debug] [2024-09-20T11:13:36.454Z] <<< [apiv2][body] POST https://cloudfunctions.googleapis.com/v2/projects/drivegazland/locations/us-central1/functions {"name":"projects/drivegazland/locations/us-central1/operations/operation-1726830814856-6228b214e8700-e2ced8a9-53101e57","metadata":{"@type":"type.googleapis.com/google.cloud.functions.v2.OperationMetadata","createTime":"2024-09-20T11:13:36.452374053Z","target":"projects/drivegazland/locations/us-central1/functions/onFileDelete","verb":"create","cancelRequested":false,"apiVersion":"v2"},"done":false}
[debug] [2024-09-20T11:13:36.455Z] >>> [apiv2][query] GET https://cloudfunctions.googleapis.com/v2/projects/drivegazland/locations/us-central1/operations/operation-1726830814856-6228b214e8700-e2ced8a9-53101e57 [none]
[debug] [2024-09-20T11:13:37.192Z] <<< [apiv2][status] GET https://cloudfunctions.googleapis.com/v2/projects/drivegazland/locations/us-central1/operations/operation-1726830814856-6228b214e8700-e2ced8a9-53101e57 200
[debug] [2024-09-20T11:13:37.192Z] <<< [apiv2][body] GET https://cloudfunctions.googleapis.com/v2/projects/drivegazland/locations/us-central1/operations/operation-1726830814856-6228b214e8700-e2ced8a9-53101e57 {"name":"projects/drivegazland/locations/us-central1/operations/operation-1726830814856-6228b214e8700-e2ced8a9-53101e57","metadata":{"@type":"type.googleapis.com/google.cloud.functions.v2.OperationMetadata","createTime":"2024-09-20T11:13:36.452374053Z","target":"projects/drivegazland/locations/us-central1/functions/onFileDelete","verb":"create","cancelRequested":false,"apiVersion":"v2","requestResource":{"@type":"type.googleapis.com/google.cloud.functions.v2.Function","name":"projects/drivegazland/locations/us-central1/functions/onFileDelete","buildConfig":{"runtime":"nodejs16","entryPoint":"onFileDelete","source":{"storageSource":{"bucket":"gcf-v2-sources-159250775284-us-central1","object":"onFileDelete/function-source.zip","generation":"1726830815139623"}},"environmentVariables":{"GOOGLE_NODE_RUN_SCRIPTS":""},"serviceAccount":"projects/drivegazland/serviceAccounts/159250775284-compute@developer.gserviceaccount.com","automaticUpdatePolicy":{}},"serviceConfig":{"service":"projects/drivegazland/locations/us-central1/services/onfiledelete","timeoutSeconds":60,"environmentVariables":{"FIREBASE_CONFIG":"{\"projectId\":\"drivegazland\",\"storageBucket\":\"drivegazland.appspot.com\",\"locationId\":\"europe-west\"}","GCLOUD_PROJECT":"drivegazland","EVENTARC_CLOUD_EVENT_SOURCE":"projects/drivegazland/locations/us-central1/services/onFileDelete","FUNCTION_SIGNATURE_TYPE":"cloudevent","FUNCTION_TARGET":"onFileDelete","LOG_EXECUTION_ID":"true"},"ingressSettings":"ALLOW_ALL","serviceAccountEmail":"159250775284-compute@developer.gserviceaccount.com","availableMemory":"256Mi","maxInstanceRequestConcurrency":80,"availableCpu":"1"},"eventTrigger":{"trigger":"projects/drivegazland/locations/eur3/triggers/onfiledelete-928020","triggerRegion":"eur3","eventType":"google.cloud.firestore.document.v1.deleted","eventFilters":[{"attribute":"database","value":"(default)"},{"attribute":"namespace","value":"(default)"},{"attribute":"document","value":"files/{fileId}","operator":"match-path-pattern"}],"serviceAccountEmail":"159250775284-compute@developer.gserviceaccount.com","retryPolicy":"RETRY_POLICY_DO_NOT_RETRY"},"labels":{"deployment-tool":"cli-firebase","firebase-functions-hash":"697bed1d333f8bfab8eff390afa05cdc81ba1bec"},"environment":"GEN_2"},"stages":[{"name":"BUILD","message":"Creating build","state":"IN_PROGRESS","resource":"projects/159250775284/locations/us-central1/builds/1f97785f-eecd-42d6-b787-4bc7593afb2f","resourceUri":"https://console.cloud.google.com/cloud-build/builds;region=us-central1/1f97785f-eecd-42d6-b787-4bc7593afb2f?project=159250775284"},{"name":"SERVICE","state":"NOT_STARTED"},{"name":"TRIGGER","state":"NOT_STARTED"}],"operationType":"CREATE_FUNCTION","buildName":"projects/159250775284/locations/us-central1/builds/1f97785f-eecd-42d6-b787-4bc7593afb2f"},"done":false}
[debug] [2024-09-20T11:13:37.692Z] [create-default-us-central1-onFileDelete] Retrying task index 0
[debug] [2024-09-20T11:13:37.692Z] >>> [apiv2][query] GET https://cloudfunctions.googleapis.com/v2/projects/drivegazland/locations/us-central1/operations/operation-1726830814856-6228b214e8700-e2ced8a9-53101e57 [none]
[debug] [2024-09-20T11:13:38.433Z] <<< [apiv2][status] GET https://cloudfunctions.googleapis.com/v2/projects/drivegazland/locations/us-central1/operations/operation-1726830814856-6228b214e8700-e2ced8a9-53101e57 200
[debug] [2024-09-20T11:13:38.433Z] <<< [apiv2][body] GET https://cloudfunctions.googleapis.com/v2/projects/drivegazland/locations/us-central1/operations/operation-1726830814856-6228b214e8700-e2ced8a9-53101e57 {"name":"projects/drivegazland/locations/us-central1/operations/operation-1726830814856-6228b214e8700-e2ced8a9-53101e57","metadata":{"@type":"type.googleapis.com/google.cloud.functions.v2.OperationMetadata","createTime":"2024-09-20T11:13:36.452374053Z","target":"projects/drivegazland/locations/us-central1/functions/onFileDelete","verb":"create","cancelRequested":false,"apiVersion":"v2","requestResource":{"@type":"type.googleapis.com/google.cloud.functions.v2.Function","name":"projects/drivegazland/locations/us-central1/functions/onFileDelete","buildConfig":{"runtime":"nodejs16","entryPoint":"onFileDelete","source":{"storageSource":{"bucket":"gcf-v2-sources-159250775284-us-central1","object":"onFileDelete/function-source.zip","generation":"1726830815139623"}},"environmentVariables":{"GOOGLE_NODE_RUN_SCRIPTS":""},"serviceAccount":"projects/drivegazland/serviceAccounts/159250775284-compute@developer.gserviceaccount.com","automaticUpdatePolicy":{}},"serviceConfig":{"service":"projects/drivegazland/locations/us-central1/services/onfiledelete","timeoutSeconds":60,"environmentVariables":{"FIREBASE_CONFIG":"{\"projectId\":\"drivegazland\",\"storageBucket\":\"drivegazland.appspot.com\",\"locationId\":\"europe-west\"}","GCLOUD_PROJECT":"drivegazland","EVENTARC_CLOUD_EVENT_SOURCE":"projects/drivegazland/locations/us-central1/services/onFileDelete","FUNCTION_SIGNATURE_TYPE":"cloudevent","FUNCTION_TARGET":"onFileDelete","LOG_EXECUTION_ID":"true"},"ingressSettings":"ALLOW_ALL","serviceAccountEmail":"159250775284-compute@developer.gserviceaccount.com","availableMemory":"256Mi","maxInstanceRequestConcurrency":80,"availableCpu":"1"},"eventTrigger":{"trigger":"projects/drivegazland/locations/eur3/triggers/onfiledelete-928020","triggerRegion":"eur3","eventType":"google.cloud.firestore.document.v1.deleted","eventFilters":[{"attribute":"database","value":"(default)"},{"attribute":"namespace","value":"(default)"},{"attribute":"document","value":"files/{fileId}","operator":"match-path-pattern"}],"serviceAccountEmail":"159250775284-compute@developer.gserviceaccount.com","retryPolicy":"RETRY_POLICY_DO_NOT_RETRY"},"labels":{"deployment-tool":"cli-firebase","firebase-functions-hash":"697bed1d333f8bfab8eff390afa05cdc81ba1bec"},"environment":"GEN_2"},"stages":[{"name":"BUILD","message":"Build in progress","state":"IN_PROGRESS","resource":"projects/159250775284/locations/us-central1/builds/1f97785f-eecd-42d6-b787-4bc7593afb2f","resourceUri":"https://console.cloud.google.com/cloud-build/builds;region=us-central1/1f97785f-eecd-42d6-b787-4bc7593afb2f?project=159250775284"},{"name":"SERVICE","state":"NOT_STARTED"},{"name":"TRIGGER","state":"NOT_STARTED"}],"operationType":"CREATE_FUNCTION","buildName":"projects/159250775284/locations/us-central1/builds/1f97785f-eecd-42d6-b787-4bc7593afb2f"},"done":false}
[debug] [2024-09-20T11:13:39.434Z] [create-default-us-central1-onFileDelete] Retrying task index 0
[debug] [2024-09-20T11:13:39.434Z] >>> [apiv2][query] GET https://cloudfunctions.googleapis.com/v2/projects/drivegazland/locations/us-central1/operations/operation-1726830814856-6228b214e8700-e2ced8a9-53101e57 [none]
[debug] [2024-09-20T11:13:40.214Z] <<< [apiv2][status] GET https://cloudfunctions.googleapis.com/v2/projects/drivegazland/locations/us-central1/operations/operation-1726830814856-6228b214e8700-e2ced8a9-53101e57 200
[debug] [2024-09-20T11:13:40.214Z] <<< [apiv2][body] GET https://cloudfunctions.googleapis.com/v2/projects/drivegazland/locations/us-central1/operations/operation-1726830814856-6228b214e8700-e2ced8a9-53101e57 {"name":"projects/drivegazland/locations/us-central1/operations/operation-1726830814856-6228b214e8700-e2ced8a9-53101e57","metadata":{"@type":"type.googleapis.com/google.cloud.functions.v2.OperationMetadata","createTime":"2024-09-20T11:13:36.452374053Z","target":"projects/drivegazland/locations/us-central1/functions/onFileDelete","verb":"create","cancelRequested":false,"apiVersion":"v2","requestResource":{"@type":"type.googleapis.com/google.cloud.functions.v2.Function","name":"projects/drivegazland/locations/us-central1/functions/onFileDelete","buildConfig":{"runtime":"nodejs16","entryPoint":"onFileDelete","source":{"storageSource":{"bucket":"gcf-v2-sources-159250775284-us-central1","object":"onFileDelete/function-source.zip","generation":"1726830815139623"}},"environmentVariables":{"GOOGLE_NODE_RUN_SCRIPTS":""},"serviceAccount":"projects/drivegazland/serviceAccounts/159250775284-compute@developer.gserviceaccount.com","automaticUpdatePolicy":{}},"serviceConfig":{"service":"projects/drivegazland/locations/us-central1/services/onfiledelete","timeoutSeconds":60,"environmentVariables":{"FIREBASE_CONFIG":"{\"projectId\":\"drivegazland\",\"storageBucket\":\"drivegazland.appspot.com\",\"locationId\":\"europe-west\"}","GCLOUD_PROJECT":"drivegazland","EVENTARC_CLOUD_EVENT_SOURCE":"projects/drivegazland/locations/us-central1/services/onFileDelete","FUNCTION_SIGNATURE_TYPE":"cloudevent","FUNCTION_TARGET":"onFileDelete","LOG_EXECUTION_ID":"true"},"ingressSettings":"ALLOW_ALL","serviceAccountEmail":"159250775284-compute@developer.gserviceaccount.com","availableMemory":"256Mi","maxInstanceRequestConcurrency":80,"availableCpu":"1"},"eventTrigger":{"trigger":"projects/drivegazland/locations/eur3/triggers/onfiledelete-928020","triggerRegion":"eur3","eventType":"google.cloud.firestore.document.v1.deleted","eventFilters":[{"attribute":"database","value":"(default)"},{"attribute":"namespace","value":"(default)"},{"attribute":"document","value":"files/{fileId}","operator":"match-path-pattern"}],"serviceAccountEmail":"159250775284-compute@developer.gserviceaccount.com","retryPolicy":"RETRY_POLICY_DO_NOT_RETRY"},"labels":{"deployment-tool":"cli-firebase","firebase-functions-hash":"697bed1d333f8bfab8eff390afa05cdc81ba1bec"},"environment":"GEN_2"},"stages":[{"name":"BUILD","message":"Build in progress","state":"IN_PROGRESS","resource":"projects/159250775284/locations/us-central1/builds/1f97785f-eecd-42d6-b787-4bc7593afb2f","resourceUri":"https://console.cloud.google.com/cloud-build/builds;region=us-central1/1f97785f-eecd-42d6-b787-4bc7593afb2f?project=159250775284"},{"name":"SERVICE","state":"NOT_STARTED"},{"name":"TRIGGER","state":"NOT_STARTED"}],"operationType":"CREATE_FUNCTION","buildName":"projects/159250775284/locations/us-central1/builds/1f97785f-eecd-42d6-b787-4bc7593afb2f"},"done":false}
[debug] [2024-09-20T11:13:42.214Z] [create-default-us-central1-onFileDelete] Retrying task index 0
[debug] [2024-09-20T11:13:42.214Z] >>> [apiv2][query] GET https://cloudfunctions.googleapis.com/v2/projects/drivegazland/locations/us-central1/operations/operation-1726830814856-6228b214e8700-e2ced8a9-53101e57 [none]
[debug] [2024-09-20T11:13:42.976Z] <<< [apiv2][status] GET https://cloudfunctions.googleapis.com/v2/projects/drivegazland/locations/us-central1/operations/operation-1726830814856-6228b214e8700-e2ced8a9-53101e57 200
[debug] [2024-09-20T11:13:42.976Z] <<< [apiv2][body] GET https://cloudfunctions.googleapis.com/v2/projects/drivegazland/locations/us-central1/operations/operation-1726830814856-6228b214e8700-e2ced8a9-53101e57 {"name":"projects/drivegazland/locations/us-central1/operations/operation-1726830814856-6228b214e8700-e2ced8a9-53101e57","metadata":{"@type":"type.googleapis.com/google.cloud.functions.v2.OperationMetadata","createTime":"2024-09-20T11:13:36.452374053Z","target":"projects/drivegazland/locations/us-central1/functions/onFileDelete","verb":"create","cancelRequested":false,"apiVersion":"v2","requestResource":{"@type":"type.googleapis.com/google.cloud.functions.v2.Function","name":"projects/drivegazland/locations/us-central1/functions/onFileDelete","buildConfig":{"runtime":"nodejs16","entryPoint":"onFileDelete","source":{"storageSource":{"bucket":"gcf-v2-sources-159250775284-us-central1","object":"onFileDelete/function-source.zip","generation":"1726830815139623"}},"environmentVariables":{"GOOGLE_NODE_RUN_SCRIPTS":""},"serviceAccount":"projects/drivegazland/serviceAccounts/159250775284-compute@developer.gserviceaccount.com","automaticUpdatePolicy":{}},"serviceConfig":{"service":"projects/drivegazland/locations/us-central1/services/onfiledelete","timeoutSeconds":60,"environmentVariables":{"FIREBASE_CONFIG":"{\"projectId\":\"drivegazland\",\"storageBucket\":\"drivegazland.appspot.com\",\"locationId\":\"europe-west\"}","GCLOUD_PROJECT":"drivegazland","EVENTARC_CLOUD_EVENT_SOURCE":"projects/drivegazland/locations/us-central1/services/onFileDelete","FUNCTION_SIGNATURE_TYPE":"cloudevent","FUNCTION_TARGET":"onFileDelete","LOG_EXECUTION_ID":"true"},"ingressSettings":"ALLOW_ALL","serviceAccountEmail":"159250775284-compute@developer.gserviceaccount.com","availableMemory":"256Mi","maxInstanceRequestConcurrency":80,"availableCpu":"1"},"eventTrigger":{"trigger":"projects/drivegazland/locations/eur3/triggers/onfiledelete-928020","triggerRegion":"eur3","eventType":"google.cloud.firestore.document.v1.deleted","eventFilters":[{"attribute":"database","value":"(default)"},{"attribute":"namespace","value":"(default)"},{"attribute":"document","value":"files/{fileId}","operator":"match-path-pattern"}],"serviceAccountEmail":"159250775284-compute@developer.gserviceaccount.com","retryPolicy":"RETRY_POLICY_DO_NOT_RETRY"},"labels":{"deployment-tool":"cli-firebase","firebase-functions-hash":"697bed1d333f8bfab8eff390afa05cdc81ba1bec"},"environment":"GEN_2"},"stages":[{"name":"BUILD","message":"Build in progress","state":"IN_PROGRESS","resource":"projects/159250775284/locations/us-central1/builds/1f97785f-eecd-42d6-b787-4bc7593afb2f","resourceUri":"https://console.cloud.google.com/cloud-build/builds;region=us-central1/1f97785f-eecd-42d6-b787-4bc7593afb2f?project=159250775284"},{"name":"SERVICE","state":"NOT_STARTED"},{"name":"TRIGGER","state":"NOT_STARTED"}],"operationType":"CREATE_FUNCTION","buildName":"projects/159250775284/locations/us-central1/builds/1f97785f-eecd-42d6-b787-4bc7593afb2f"},"done":false}
[debug] [2024-09-20T11:13:46.977Z] [create-default-us-central1-onFileDelete] Retrying task index 0
[debug] [2024-09-20T11:13:46.977Z] >>> [apiv2][query] GET https://cloudfunctions.googleapis.com/v2/projects/drivegazland/locations/us-central1/operations/operation-1726830814856-6228b214e8700-e2ced8a9-53101e57 [none]
[debug] [2024-09-20T11:13:47.726Z] <<< [apiv2][status] GET https://cloudfunctions.googleapis.com/v2/projects/drivegazland/locations/us-central1/operations/operation-1726830814856-6228b214e8700-e2ced8a9-53101e57 200
[debug] [2024-09-20T11:13:47.726Z] <<< [apiv2][body] GET https://cloudfunctions.googleapis.com/v2/projects/drivegazland/locations/us-central1/operations/operation-1726830814856-6228b214e8700-e2ced8a9-53101e57 {"name":"projects/drivegazland/locations/us-central1/operations/operation-1726830814856-6228b214e8700-e2ced8a9-53101e57","metadata":{"@type":"type.googleapis.com/google.cloud.functions.v2.OperationMetadata","createTime":"2024-09-20T11:13:36.452374053Z","target":"projects/drivegazland/locations/us-central1/functions/onFileDelete","verb":"create","cancelRequested":false,"apiVersion":"v2","requestResource":{"@type":"type.googleapis.com/google.cloud.functions.v2.Function","name":"projects/drivegazland/locations/us-central1/functions/onFileDelete","buildConfig":{"runtime":"nodejs16","entryPoint":"onFileDelete","source":{"storageSource":{"bucket":"gcf-v2-sources-159250775284-us-central1","object":"onFileDelete/function-source.zip","generation":"1726830815139623"}},"environmentVariables":{"GOOGLE_NODE_RUN_SCRIPTS":""},"serviceAccount":"projects/drivegazland/serviceAccounts/159250775284-compute@developer.gserviceaccount.com","automaticUpdatePolicy":{}},"serviceConfig":{"service":"projects/drivegazland/locations/us-central1/services/onfiledelete","timeoutSeconds":60,"environmentVariables":{"FIREBASE_CONFIG":"{\"projectId\":\"drivegazland\",\"storageBucket\":\"drivegazland.appspot.com\",\"locationId\":\"europe-west\"}","GCLOUD_PROJECT":"drivegazland","EVENTARC_CLOUD_EVENT_SOURCE":"projects/drivegazland/locations/us-central1/services/onFileDelete","FUNCTION_SIGNATURE_TYPE":"cloudevent","FUNCTION_TARGET":"onFileDelete","LOG_EXECUTION_ID":"true"},"ingressSettings":"ALLOW_ALL","serviceAccountEmail":"159250775284-compute@developer.gserviceaccount.com","availableMemory":"256Mi","maxInstanceRequestConcurrency":80,"availableCpu":"1"},"eventTrigger":{"trigger":"projects/drivegazland/locations/eur3/triggers/onfiledelete-928020","triggerRegion":"eur3","eventType":"google.cloud.firestore.document.v1.deleted","eventFilters":[{"attribute":"database","value":"(default)"},{"attribute":"namespace","value":"(default)"},{"attribute":"document","value":"files/{fileId}","operator":"match-path-pattern"}],"serviceAccountEmail":"159250775284-compute@developer.gserviceaccount.com","retryPolicy":"RETRY_POLICY_DO_NOT_RETRY"},"labels":{"deployment-tool":"cli-firebase","firebase-functions-hash":"697bed1d333f8bfab8eff390afa05cdc81ba1bec"},"environment":"GEN_2"},"stages":[{"name":"BUILD","message":"Build in progress","state":"IN_PROGRESS","resource":"projects/159250775284/locations/us-central1/builds/1f97785f-eecd-42d6-b787-4bc7593afb2f","resourceUri":"https://console.cloud.google.com/cloud-build/builds;region=us-central1/1f97785f-eecd-42d6-b787-4bc7593afb2f?project=159250775284"},{"name":"SERVICE","state":"NOT_STARTED"},{"name":"TRIGGER","state":"NOT_STARTED"}],"operationType":"CREATE_FUNCTION","buildName":"projects/159250775284/locations/us-central1/builds/1f97785f-eecd-42d6-b787-4bc7593afb2f"},"done":false}
[debug] [2024-09-20T11:13:55.726Z] [create-default-us-central1-onFileDelete] Retrying task index 0
[debug] [2024-09-20T11:13:55.727Z] >>> [apiv2][query] GET https://cloudfunctions.googleapis.com/v2/projects/drivegazland/locations/us-central1/operations/operation-1726830814856-6228b214e8700-e2ced8a9-53101e57 [none]
[debug] [2024-09-20T11:13:56.467Z] <<< [apiv2][status] GET https://cloudfunctions.googleapis.com/v2/projects/drivegazland/locations/us-central1/operations/operation-1726830814856-6228b214e8700-e2ced8a9-53101e57 200
[debug] [2024-09-20T11:13:56.467Z] <<< [apiv2][body] GET https://cloudfunctions.googleapis.com/v2/projects/drivegazland/locations/us-central1/operations/operation-1726830814856-6228b214e8700-e2ced8a9-53101e57 {"name":"projects/drivegazland/locations/us-central1/operations/operation-1726830814856-6228b214e8700-e2ced8a9-53101e57","metadata":{"@type":"type.googleapis.com/google.cloud.functions.v2.OperationMetadata","createTime":"2024-09-20T11:13:36.452374053Z","target":"projects/drivegazland/locations/us-central1/functions/onFileDelete","verb":"create","cancelRequested":false,"apiVersion":"v2","requestResource":{"@type":"type.googleapis.com/google.cloud.functions.v2.Function","name":"projects/drivegazland/locations/us-central1/functions/onFileDelete","buildConfig":{"runtime":"nodejs16","entryPoint":"onFileDelete","source":{"storageSource":{"bucket":"gcf-v2-sources-159250775284-us-central1","object":"onFileDelete/function-source.zip","generation":"1726830815139623"}},"environmentVariables":{"GOOGLE_NODE_RUN_SCRIPTS":""},"serviceAccount":"projects/drivegazland/serviceAccounts/159250775284-compute@developer.gserviceaccount.com","automaticUpdatePolicy":{}},"serviceConfig":{"service":"projects/drivegazland/locations/us-central1/services/onfiledelete","timeoutSeconds":60,"environmentVariables":{"FIREBASE_CONFIG":"{\"projectId\":\"drivegazland\",\"storageBucket\":\"drivegazland.appspot.com\",\"locationId\":\"europe-west\"}","GCLOUD_PROJECT":"drivegazland","EVENTARC_CLOUD_EVENT_SOURCE":"projects/drivegazland/locations/us-central1/services/onFileDelete","FUNCTION_SIGNATURE_TYPE":"cloudevent","FUNCTION_TARGET":"onFileDelete","LOG_EXECUTION_ID":"true"},"ingressSettings":"ALLOW_ALL","serviceAccountEmail":"159250775284-compute@developer.gserviceaccount.com","availableMemory":"256Mi","maxInstanceRequestConcurrency":80,"availableCpu":"1"},"eventTrigger":{"trigger":"projects/drivegazland/locations/eur3/triggers/onfiledelete-928020","triggerRegion":"eur3","eventType":"google.cloud.firestore.document.v1.deleted","eventFilters":[{"attribute":"database","value":"(default)"},{"attribute":"namespace","value":"(default)"},{"attribute":"document","value":"files/{fileId}","operator":"match-path-pattern"}],"serviceAccountEmail":"159250775284-compute@developer.gserviceaccount.com","retryPolicy":"RETRY_POLICY_DO_NOT_RETRY"},"labels":{"deployment-tool":"cli-firebase","firebase-functions-hash":"697bed1d333f8bfab8eff390afa05cdc81ba1bec"},"environment":"GEN_2"},"stages":[{"name":"BUILD","message":"Build in progress","state":"IN_PROGRESS","resource":"projects/159250775284/locations/us-central1/builds/1f97785f-eecd-42d6-b787-4bc7593afb2f","resourceUri":"https://console.cloud.google.com/cloud-build/builds;region=us-central1/1f97785f-eecd-42d6-b787-4bc7593afb2f?project=159250775284"},{"name":"SERVICE","state":"NOT_STARTED"},{"name":"TRIGGER","state":"NOT_STARTED"}],"operationType":"CREATE_FUNCTION","buildName":"projects/159250775284/locations/us-central1/builds/1f97785f-eecd-42d6-b787-4bc7593afb2f"},"done":false}
[debug] [2024-09-20T11:14:06.468Z] [create-default-us-central1-onFileDelete] Retrying task index 0
[debug] [2024-09-20T11:14:06.468Z] >>> [apiv2][query] GET https://cloudfunctions.googleapis.com/v2/projects/drivegazland/locations/us-central1/operations/operation-1726830814856-6228b214e8700-e2ced8a9-53101e57 [none]
[debug] [2024-09-20T11:14:07.199Z] <<< [apiv2][status] GET https://cloudfunctions.googleapis.com/v2/projects/drivegazland/locations/us-central1/operations/operation-1726830814856-6228b214e8700-e2ced8a9-53101e57 200
[debug] [2024-09-20T11:14:07.199Z] <<< [apiv2][body] GET https://cloudfunctions.googleapis.com/v2/projects/drivegazland/locations/us-central1/operations/operation-1726830814856-6228b214e8700-e2ced8a9-53101e57 {"name":"projects/drivegazland/locations/us-central1/operations/operation-1726830814856-6228b214e8700-e2ced8a9-53101e57","metadata":{"@type":"type.googleapis.com/google.cloud.functions.v2.OperationMetadata","createTime":"2024-09-20T11:13:36.452374053Z","endTime":"2024-09-20T11:14:06.857548882Z","target":"projects/drivegazland/locations/us-central1/functions/onFileDelete","verb":"create","cancelRequested":false,"apiVersion":"v2","requestResource":{"@type":"type.googleapis.com/google.cloud.functions.v2.Function","name":"projects/drivegazland/locations/us-central1/functions/onFileDelete","buildConfig":{"runtime":"nodejs16","entryPoint":"onFileDelete","source":{"storageSource":{"bucket":"gcf-v2-sources-159250775284-us-central1","object":"onFileDelete/function-source.zip","generation":"1726830815139623"}},"environmentVariables":{"GOOGLE_NODE_RUN_SCRIPTS":""},"serviceAccount":"projects/drivegazland/serviceAccounts/159250775284-compute@developer.gserviceaccount.com","automaticUpdatePolicy":{}},"serviceConfig":{"service":"projects/drivegazland/locations/us-central1/services/onfiledelete","timeoutSeconds":60,"environmentVariables":{"FIREBASE_CONFIG":"{\"projectId\":\"drivegazland\",\"storageBucket\":\"drivegazland.appspot.com\",\"locationId\":\"europe-west\"}","GCLOUD_PROJECT":"drivegazland","EVENTARC_CLOUD_EVENT_SOURCE":"projects/drivegazland/locations/us-central1/services/onFileDelete","FUNCTION_SIGNATURE_TYPE":"cloudevent","FUNCTION_TARGET":"onFileDelete","LOG_EXECUTION_ID":"true"},"ingressSettings":"ALLOW_ALL","serviceAccountEmail":"159250775284-compute@developer.gserviceaccount.com","availableMemory":"256Mi","maxInstanceRequestConcurrency":80,"availableCpu":"1"},"eventTrigger":{"trigger":"projects/drivegazland/locations/eur3/triggers/onfiledelete-928020","triggerRegion":"eur3","eventType":"google.cloud.firestore.document.v1.deleted","eventFilters":[{"attribute":"database","value":"(default)"},{"attribute":"namespace","value":"(default)"},{"attribute":"document","value":"files/{fileId}","operator":"match-path-pattern"}],"serviceAccountEmail":"159250775284-compute@developer.gserviceaccount.com","retryPolicy":"RETRY_POLICY_DO_NOT_RETRY"},"labels":{"deployment-tool":"cli-firebase","firebase-functions-hash":"697bed1d333f8bfab8eff390afa05cdc81ba1bec"},"environment":"GEN_2"},"stages":[{"name":"ARTIFACT_REGISTRY","message":"Deleting function artifacts in Artifact Registry","state":"COMPLETE"},{"name":"SERVICE","message":"Deleting Cloud Run service","state":"COMPLETE","resource":"projects/drivegazland/locations/us-central1/services/onfiledelete"},{"name":"TRIGGER","message":"Deleting Eventarc trigger","state":"COMPLETE","resource":"projects/drivegazland/locations/eur3/triggers/onfiledelete-928020"}],"operationType":"CREATE_FUNCTION"},"done":true,"error":{"code":3,"message":"Build failed with status: FAILURE and message: npm WARN EBADENGINE Unsupported engine {\nnpm WARN EBADENGINE   package: 'farmhash-modern@1.1.0',\nnpm WARN EBADENGINE   required: { node: '>=18.0.0' },\nnpm WARN EBADENGINE   current: { node: 'v16.20.2', npm: '8.19.4' }\nnpm WARN EBADENGINE }\nnpm ERR! code EUSAGE\nnpm ERR! \nnpm ERR! `npm ci` can only install packages when your package.json and package-lock.json or npm-shrinkwrap.json are in sync. Please update your lock file with `npm install` before continuing.\nnpm ERR! \nnpm ERR! Missing: jest@29.7.0 from lock file\nnpm ERR! Missing: @jest/core@29.7.0 from lock file\nnpm ERR! Missing: @jest/types@29.6.3 from lock file\nnpm ERR! Missing: import-local@3.2.0 from lock file\nnpm ERR! Missing: jest-cli@29.7.0 from lock file\nnpm ERR! Missing: @jest/console@29.7.0 from lock file\nnpm ERR! Missing: @jest/reporters@29.7.0 from lock file\nnpm ERR! Missing: @jest/test-result@29.7.0 from lock file\nnpm ERR! Missing: @jest/transform@29.7.0 from lock file\nnpm ERR! Missing: ansi-escapes@4.3.2 from lock file\nnpm ERR! Missing: chalk@4.1.2 from lock file\nnpm ERR! Missing: ci-info@3.9.0 from lock file\nnpm ERR! Missing: exit@0.1.2 from lock file\nnpm ERR! Missing: graceful-fs@4.2.11 from lock file\nnpm ERR! Missing: jest-changed-files@29.7.0 from lock file\nnpm ERR! Missing: jest-config@29.7.0 from lock file\nnpm ERR! Missing: jest-haste-map@29.7.0 from lock file\nnpm ERR! Missing: jest-message-util@29.7.0 from lock file\nnpm ERR! Missing: jest-regex-util@29.6.3 from lock file\nnpm ERR! Missing: jest-resolve@29.7.0 from lock file\nnpm ERR! Missing: jest-resolve-dependencies@29.7.0 from lock file\nnpm ERR! Missing: jest-runner@29.7.0 from lock file\nnpm ERR! Missing: jest-runtime@29.7.0 from lock file\nnpm ERR! Missing: jest-snapshot@29.7.0 from lock file\nnpm ERR! Missing: jest-util@29.7.0 from lock file\nnpm ERR! Missing: jest-validate@29.7.0 from lock file\nnpm ERR! Missing: jest-watcher@29.7.0 from lock file\nnpm ERR! Missing: micromatch@4.0.8 from lock file\nnpm ERR! Missing: pretty-format@29.7.0 from lock file\nnpm ERR! Missing: slash@3.0.0 from lock file\nnpm ERR! Missing: @bcoe/v8-coverage@0.2.3 from lock file\nnpm ERR! Missing: @jridgewell/trace-mapping@0.3.25 from lock file\nnpm ERR! Missing: collect-v8-coverage@1.0.2 from lock file\nnpm ERR! Missing: glob@7.2.3 from lock file\nnpm ERR! Missing: istanbul-lib-coverage@3.2.2 from lock file\nnpm ERR! Missing: istanbul-lib-instrument@6.0.3 from lock file\nnpm ERR! Missing: istanbul-lib-report@3.0.1 from lock file\nnpm ERR! Missing: istanbul-lib-source-maps@4.0.1 from lock file\nnpm ERR! Missing: istanbul-reports@3.1.7 from lock file\nnpm ERR! Missing: jest-worker@29.7.0 from lock file\nnpm ERR! Missing: string-length@4.0.2 from lock file\nnpm ERR! Missing: v8-to-istanbul@9.3.0 from lock file\nnpm ERR! Missing: @types/istanbul-lib-coverage@2.0.6 from lock file\nnpm ERR! Missing: @babel/core@7.25.2 from lock file\nnpm ERR! Missing: babel-plugin-istanbul@6.1.1 from lock file\nnpm ERR! Missing: convert-source-map@2.0.0 from lock file\nnpm ERR! Missing: fast-json-stable-stringify@2.1.0 from lock file\nnpm ERR! Missing: pirates@4.0.6 from lock file\nnpm ERR! Missing: write-file-atomic@4.0.2 from lock file\nnpm ERR! Missing: @ampproject/remapping@2.3.0 from lock file\nnpm ERR! Missing: @babel/code-frame@7.24.7 from lock file\nnpm ERR! Missing: @babel/generator@7.25.6 from lock file\nnpm ERR! Missing: @babel/helper-compilation-targets@7.25.2 from lock file\nnpm ERR! Missing: @babel/helper-module-transforms@7.25.2 from lock file\nnpm ERR! Missing: @babel/helpers@7.25.6 from lock file\nnpm ERR! Missing: @babel/parser@7.25.6 from lock file\nnpm ERR! Missing: @babel/template@7.25.0 from lock file\nnpm ERR! Missing: @babel/traverse@7.25.6 from lock file\nnpm ERR! Missing: @babel/types@7.25.6 from lock file\nnpm ERR! Missing: debug@4.3.7 from lock file\nnpm ERR! Missing: gensync@1.0.0-beta.2 from lock file\nnpm ERR! Missing: json5@2.2.3 from lock file\nnpm ERR! Missing: semver@6.3.1 from lock file\nnpm ERR! Missing: @jridgewell/gen-mapping@0.3.5 from lock file\nnpm ERR! Missing: @babel/highlight@7.24.7 from lock file\nnpm ERR! Missing: picocolors@1.1.0 from lock file\nnpm ERR! Missing: jsesc@2.5.2 from lock file\nnpm ERR! Missing: @babel/compat-data@7.25.4 from lock file\nnpm ERR! Missing: @babel/helper-validator-option@7.24.8 from lock file\nnpm ERR! Missing: browserslist@4.23.3 from lock file\nnpm ERR! Missing: lru-cache@5.1.1 from lock file\nnpm ERR! Missing: semver@6.3.1 from lock file\nnpm ERR! Missing: @babel/helper-module-imports@7.24.7 from lock file\nnpm ERR! Missing: @babel/helper-simple-access@7.24.7 from lock file\nnpm ERR! Missing: @babel/helper-validator-identifier@7.24.7 from lock file\nnpm ERR! Missing: chalk@2.4.2 from lock file\nnpm ERR! Missing: js-tokens@4.0.0 from lock file\nnpm ERR! Missing: debug@4.3.7 from lock file\nnpm ERR! Missing: globals@11.12.0 from lock file\nnpm ERR! Missing: @babel/helper-string-parser@7.24.8 from lock file\nnpm ERR! Missing: to-fast-properties@2.0.0 from lock file\nnpm ERR! Missing: @jest/schemas@29.6.3 from lock file\nnpm ERR! Missing: @types/istanbul-reports@3.0.4 from lock file\nnpm ERR! Missing: @types/yargs@17.0.33 from lock file\nnpm ERR! Missing: @sinclair/typebox@0.27.8 from lock file\nnpm ERR! Missing: @jridgewell/set-array@1.2.1 from lock file\nnpm ERR! Missing: @jridgewell/sourcemap-codec@1.5.0 from lock file\nnpm ERR! Missing: @jridgewell/resolve-uri@3.1.2 from lock file\nnpm ERR! Missing: @types/istanbul-lib-report@3.0.3 from lock file\nnpm ERR! Missing: @types/yargs-parser@21.0.3 from lock file\nnpm ERR! Missing: type-fest@0.21.3 from lock file\nnpm ERR! Missing: @babel/helper-plugin-utils@7.24.8 from lock file\nnpm ERR! Missing: @istanbuljs/load-nyc-config@1.1.0 from lock file\nnpm ERR! Missing: @istanbuljs/schema@0.1.3 from lock file\nnpm ERR! Missing: istanbul-lib-instrument@5.2.1 from lock file\nnpm ERR! Missing: test-exclude@6.0.0 from lock file\nnpm ERR! Missing: camelcase@5.3.1 from lock file\nnpm ERR! Missing: find-up@4.1.0 from lock file\nnpm ERR! Missing: get-package-type@0.1.0 from lock file\nnpm ERR! Missing: js-yaml@3.14.1 from lock file\nnpm ERR! Missing: resolve-from@5.0.0 from lock file\nnpm ERR! Missing: caniuse-lite@1.0.30001662 from lock file\nnpm ERR! Missing: electron-to-chromium@1.5.26 from lock file\nnpm ERR! Missing: node-releases@2.0.18 from lock file\nnpm ERR! Missing: update-browserslist-db@1.1.0 from lock file\nnpm ERR! Missing: supports-color@7.2.0 from lock file\nnpm ERR! Missing: locate-path@5.0.0 from lock file\nnpm ERR! Missing: path-exists@4.0.0 from lock file\nnpm ERR! Missing: fs.realpath@1.0.0 from lock file\nnpm ERR! Missing: inflight@1.0.6 from lock file\nnpm ERR! Missing: minimatch@3.1.2 from lock file\nnpm ERR! Missing: path-is-absolute@1.0.1 from lock file\nnpm ERR! Missing: pkg-dir@4.2.0 from lock file\nnpm ERR! Missing: resolve-cwd@3.0.0 from lock file\nnpm ERR! Missing: make-dir@4.0.0 from lock file\nnpm ERR! Missing: debug@4.3.7 from lock file\nnpm ERR! Missing: source-map@0.6.1 from lock file\nnpm ERR! Missing: html-escaper@2.0.2 from lock file\nnpm ERR! Missing: execa@5.1.1 from lock file\nnpm ERR! Missing: cross-spawn@7.0.3 from lock file\nnpm ERR! Missing: get-stream@6.0.1 from lock file\nnpm ERR! Missing: human-signals@2.1.0 from lock file\nnpm ERR! Missing: merge-stream@2.0.0 from lock file\nnpm ERR! Missing: npm-run-path@4.0.1 from lock file\nnpm ERR! Missing: onetime@5.1.2 from lock file\nnpm ERR! Missing: signal-exit@3.0.7 from lock file\nnpm ERR! Missing: strip-final-newline@2.0.0 from lock file\nnpm ERR! Missing: path-key@3.1.1 from lock file\nnpm ERR! Missing: shebang-command@2.0.0 from lock file\nnpm ERR! Missing: which@2.0.2 from lock file\nnpm ERR! Missing: create-jest@29.7.0 from lock file\nnpm ERR! Missing: prompts@2.4.2 from lock file\nnpm ERR! Missing: @jest/test-sequencer@29.7.0 from lock file\nnpm ERR! Missing: babel-jest@29.7.0 from lock file\nnpm ERR! Missing: deepmerge@4.3.1 from lock file\nnpm ERR! Missing: jest-circus@29.7.0 from lock file\nnpm ERR! Missing: jest-environment-node@29.7.0 from lock file\nnpm ERR! Missing: jest-get-type@29.6.3 from lock file\nnpm ERR! Missing: parse-json@5.2.0 from lock file\nnpm ERR! Missing: strip-json-comments@3.1.1 from lock file\nnpm ERR! Missing: @types/babel__core@7.20.5 from lock file\nnpm ERR! Missing: babel-preset-jest@29.6.3 from lock file\nnpm ERR! Missing: @types/babel__generator@7.6.8 from lock file\nnpm ERR! Missing: @types/babel__template@7.4.4 from lock file\nnpm ERR! Missing: @types/babel__traverse@7.20.6 from lock file\nnpm ERR! Missing: babel-plugin-jest-hoist@29.6.3 from lock file\nnpm ERR! Missing: babel-preset-current-node-syntax@1.1.0 from lock file\nnpm ERR! Missing: @babel/plugin-syntax-async-generators@7.8.4 from lock file\nnpm ERR! Missing: @babel/plugin-syntax-bigint@7.8.3 from lock file\nnpm ERR! Missing: @babel/plugin-syntax-class-properties@7.12.13 from lock file\nnpm ERR! Missing: @babel/plugin-syntax-class-static-block@7.14.5 from lock file\nnpm ERR! Missing: @babel/plugin-syntax-import-attributes@7.25.6 from lock file\nnpm ERR! Missing: @babel/plugin-syntax-import-meta@7.10.4 from lock file\nnpm ERR! Missing: @babel/plugin-syntax-json-strings@7.8.3 from lock file\nnpm ERR! Missing: @babel/plugin-syntax-logical-assignment-operators@7.10.4 from lock file\nnpm ERR! Missing: @babel/plugin-syntax-nullish-coalescing-operator@7.8.3 from lock file\nnpm ERR! Missing: @babel/plugin-syntax-numeric-separator@7.10.4 from lock file\nnpm ERR! Missing: @babel/plugin-syntax-object-rest-spread@7.8.3 from lock file\nnpm ERR! Missing: @babel/plugin-syntax-optional-catch-binding@7.8.3 from lock file\nnpm ERR! Missing: @babel/plugin-syntax-optional-chaining@7.8.3 from lock file\nnpm ERR! Missing: @babel/plugin-syntax-private-property-in-object@7.14.5 from lock file\nnpm ERR! Missing: @babel/plugin-syntax-top-level-await@7.14.5 from lock file\nnpm ERR! Missing: @jest/environment@29.7.0 from lock file\nnpm ERR! Missing: @jest/expect@29.7.0 from lock file\nnpm ERR! Missing: co@4.6.0 from lock file\nnpm ERR! Missing: dedent@1.5.3 from lock file\nnpm ERR! Missing: is-generator-fn@2.1.0 from lock file\nnpm ERR! Missing: jest-each@29.7.0 from lock file\nnpm ERR! Missing: jest-matcher-utils@29.7.0 from lock file\nnpm ERR! Missing: pure-rand@6.1.0 from lock file\nnpm ERR! Missing: stack-utils@2.0.6 from lock file\nnpm ERR! Missing: @jest/fake-timers@29.7.0 from lock file\nnpm ERR! Missing: jest-mock@29.7.0 from lock file\nnpm ERR! Missing: expect@29.7.0 from lock file\nnpm ERR! Missing: @sinonjs/fake-timers@10.3.0 from lock file\nnpm ERR! Missing: @sinonjs/commons@3.0.1 from lock file\nnpm ERR! Missing: type-detect@4.0.8 from lock file\nnpm ERR! Missing: @jest/expect-utils@29.7.0 from lock file\nnpm ERR! Missing: @types/graceful-fs@4.1.9 from lock file\nnpm ERR! Missing: anymatch@3.1.3 from lock file\nnpm ERR! Missing: fb-watchman@2.0.2 from lock file\nnpm ERR! Missing: fsevents@2.3.3 from lock file\nnpm ERR! Missing: walker@1.0.8 from lock file\nnpm ERR! Missing: normalize-path@3.0.0 from lock file\nnpm ERR! Missing: picomatch@2.3.1 from lock file\nnpm ERR! Missing: bser@2.1.1 from lock file\nnpm ERR! Missing: node-int64@0.4.0 from lock file\nnpm ERR! Missing: jest-diff@29.7.0 from lock file\nnpm ERR! Missing: diff-sequences@29.6.3 from lock file\nnpm ERR! Missing: @types/stack-utils@2.0.3 from lock file\nnpm ERR! Missing: jest-pnp-resolver@1.2.3 from lock file\nnpm ERR! Missing: resolve@1.22.8 from lock file\nnpm ERR! Missing: resolve.exports@2.0.2 from lock file\nnpm ERR! Missing: emittery@0.13.1 from lock file\nnpm ERR! Missing: jest-docblock@29.7.0 from lock file\nnpm ERR! Missing: jest-leak-detector@29.7.0 from lock file\nnpm ERR! Missing: source-map-support@0.5.13 from lock file\nnpm ERR! Missing: detect-newline@3.1.0 from lock file\nnpm ERR! Missing: @jest/globals@29.7.0 from lock file\nnpm ERR! Missing: @jest/source-map@29.6.3 from lock file\nnpm ERR! Missing: cjs-module-lexer@1.4.1 from lock file\nnpm ERR! Missing: strip-bom@4.0.0 from lock file\nnpm ERR! Missing: callsites@3.1.0 from lock file\nnpm ERR! Missing: @babel/plugin-syntax-jsx@7.24.7 from lock file\nnpm ERR! Missing: @babel/plugin-syntax-typescript@7.25.4 from lock file\nnpm ERR! Missing: natural-compare@1.4.0 from lock file\nnpm ERR! Missing: camelcase@6.3.0 from lock file\nnpm ERR! Missing: leven@3.1.0 from lock file\nnpm ERR! Missing: supports-color@8.1.1 from lock file\nnpm ERR! Missing: argparse@1.0.10 from lock file\nnpm ERR! Missing: esprima@4.0.1 from lock file\nnpm ERR! Missing: sprintf-js@1.0.3 from lock file\nnpm ERR! Missing: p-locate@4.1.0 from lock file\nnpm ERR! Missing: braces@3.0.3 from lock file\nnpm ERR! Missing: fill-range@7.1.1 from lock file\nnpm ERR! Missing: to-regex-range@5.0.1 from lock file\nnpm ERR! Missing: brace-expansion@1.1.11 from lock file\nnpm ERR! Missing: balanced-match@1.0.2 from lock file\nnpm ERR! Missing: concat-map@0.0.1 from lock file\nnpm ERR! Missing: mimic-fn@2.1.0 from lock file\nnpm ERR! Missing: p-limit@2.3.0 from lock file\nnpm ERR! Missing: error-ex@1.3.2 from lock file\nnpm ERR! Missing: json-parse-even-better-errors@2.3.1 from lock file\nnpm ERR! Missing: lines-and-columns@1.2.4 from lock file\nnpm ERR! Missing: is-arrayish@0.2.1 from lock file\nnpm ERR! Missing: ansi-styles@5.2.0 from lock file\nnpm ERR! Missing: react-is@18.3.1 from lock file\nnpm ERR! Missing: kleur@3.0.3 from lock file\nnpm ERR! Missing: sisteransi@1.0.5 from lock file\nnpm ERR! Missing: is-core-module@2.15.1 from lock file\nnpm ERR! Missing: path-parse@1.0.7 from lock file\nnpm ERR! Missing: supports-preserve-symlinks-flag@1.0.0 from lock file\nnpm ERR! Missing: shebang-regex@3.0.0 from lock file\nnpm ERR! Missing: buffer-from@1.1.2 from lock file\nnpm ERR! Missing: escape-string-regexp@2.0.0 from lock file\nnpm ERR! Missing: char-regex@1.0.2 from lock file\nnpm ERR! Missing: has-flag@4.0.0 from lock file\nnpm ERR! Missing: is-number@7.0.0 from lock file\nnpm ERR! Missing: makeerror@1.0.12 from lock file\nnpm ERR! Missing: tmpl@1.0.5 from lock file\nnpm ERR! Missing: isexe@2.0.0 from lock file\nnpm ERR! Missing: imurmurhash@0.1.4 from lock file\nnpm ERR! Missing: ms@2.1.3 from lock file\nnpm ERR! Missing: yallist@3.1.1 from lock file\nnpm ERR! Missing: ansi-styles@3.2.1 from lock file\nnpm ERR! Missing: escape-string-regexp@1.0.5 from lock file\nnpm ERR! Missing: supports-color@5.5.0 from lock file\nnpm ERR! Missing: color-convert@1.9.3 from lock file\nnpm ERR! Missing: color-name@1.1.3 from lock file\nnpm ERR! Missing: has-flag@3.0.0 from lock file\nnpm ERR! Missing: ms@2.1.3 from lock file\nnpm ERR! Missing: semver@6.3.1 from lock file\nnpm ERR! Missing: ms@2.1.3 from lock file\nnpm ERR! Missing: p-try@2.2.0 from lock file\nnpm ERR! \nnpm ERR! Clean install a project\nnpm ERR! \nnpm ERR! Usage:\nnpm ERR! npm ci\nnpm ERR! \nnpm ERR! Options:\nnpm ERR! [-S|--save|--no-save|--save-prod|--save-dev|--save-optional|--save-peer|--save-bundle]\nnpm ERR! [-E|--save-exact] [-g|--global] [--global-style] [--legacy-bundling]\nnpm ERR! [--omit <dev|optional|peer> [--omit <dev|optional|peer> ...]]\nnpm ERR! [--strict-peer-deps] [--no-package-lock] [--foreground-scripts]\nnpm ERR! [--ignore-scripts] [--no-audit] [--no-bin-links] [--no-fund] [--dry-run]\nnpm ERR! [-w|--workspace <workspace-name> [-w|--workspace <workspace-name> ...]]\nnpm ERR! [-ws|--workspaces] [--include-workspace-root] [--install-links]\nnpm ERR! \nnpm ERR! aliases: clean-install, ic, install-clean, isntall-clean\nnpm ERR! \nnpm ERR! Run \"npm help ci\" for more info\n\nnpm ERR! A complete log of this run can be found in:\nnpm ERR!     /www-data-home/.npm/_logs/2024-09-20T11_13_53_307Z-debug-0.log. For more details see the logs at https://console.cloud.google.com/cloud-build/builds;region=us-central1/1f97785f-eecd-42d6-b787-4bc7593afb2f?project=159250775284."}}
[debug] [2024-09-20T11:14:07.200Z] Got source token undefined for region us-central1
[error] Build failed with status: FAILURE and message: npm WARN EBADENGINE Unsupported engine {
npm WARN EBADENGINE   package: 'farmhash-modern@1.1.0',
npm WARN EBADENGINE   required: { node: '>=18.0.0' },
npm WARN EBADENGINE   current: { node: 'v16.20.2', npm: '8.19.4' }
npm WARN EBADENGINE }
npm ERR! code EUSAGE
npm ERR! 
npm ERR! `npm ci` can only install packages when your package.json and package-lock.json or npm-shrinkwrap.json are in sync. Please update your lock file with `npm install` before continuing.
npm ERR! 
npm ERR! Missing: jest@29.7.0 from lock file
npm ERR! Missing: @jest/core@29.7.0 from lock file
npm ERR! Missing: @jest/types@29.6.3 from lock file
npm ERR! Missing: import-local@3.2.0 from lock file
npm ERR! Missing: jest-cli@29.7.0 from lock file
npm ERR! Missing: @jest/console@29.7.0 from lock file
npm ERR! Missing: @jest/reporters@29.7.0 from lock file
npm ERR! Missing: @jest/test-result@29.7.0 from lock file
npm ERR! Missing: @jest/transform@29.7.0 from lock file
npm ERR! Missing: ansi-escapes@4.3.2 from lock file
npm ERR! Missing: chalk@4.1.2 from lock file
npm ERR! Missing: ci-info@3.9.0 from lock file
npm ERR! Missing: exit@0.1.2 from lock file
npm ERR! Missing: graceful-fs@4.2.11 from lock file
npm ERR! Missing: jest-changed-files@29.7.0 from lock file
npm ERR! Missing: jest-config@29.7.0 from lock file
npm ERR! Missing: jest-haste-map@29.7.0 from lock file
npm ERR! Missing: jest-message-util@29.7.0 from lock file
npm ERR! Missing: jest-regex-util@29.6.3 from lock file
npm ERR! Missing: jest-resolve@29.7.0 from lock file
npm ERR! Missing: jest-resolve-dependencies@29.7.0 from lock file
npm ERR! Missing: jest-runner@29.7.0 from lock file
npm ERR! Missing: jest-runtime@29.7.0 from lock file
npm ERR! Missing: jest-snapshot@29.7.0 from lock file
npm ERR! Missing: jest-util@29.7.0 from lock file
npm ERR! Missing: jest-validate@29.7.0 from lock file
npm ERR! Missing: jest-watcher@29.7.0 from lock file
npm ERR! Missing: micromatch@4.0.8 from lock file
npm ERR! Missing: pretty-format@29.7.0 from lock file
npm ERR! Missing: slash@3.0.0 from lock file
npm ERR! Missing: @bcoe/v8-coverage@0.2.3 from lock file
npm ERR! Missing: @jridgewell/trace-mapping@0.3.25 from lock file
npm ERR! Missing: collect-v8-coverage@1.0.2 from lock file
npm ERR! Missing: glob@7.2.3 from lock file
npm ERR! Missing: istanbul-lib-coverage@3.2.2 from lock file
npm ERR! Missing: istanbul-lib-instrument@6.0.3 from lock file
npm ERR! Missing: istanbul-lib-report@3.0.1 from lock file
npm ERR! Missing: istanbul-lib-source-maps@4.0.1 from lock file
npm ERR! Missing: istanbul-reports@3.1.7 from lock file
npm ERR! Missing: jest-worker@29.7.0 from lock file
npm ERR! Missing: string-length@4.0.2 from lock file
npm ERR! Missing: v8-to-istanbul@9.3.0 from lock file
npm ERR! Missing: @types/istanbul-lib-coverage@2.0.6 from lock file
npm ERR! Missing: @babel/core@7.25.2 from lock file
npm ERR! Missing: babel-plugin-istanbul@6.1.1 from lock file
npm ERR! Missing: convert-source-map@2.0.0 from lock file
npm ERR! Missing: fast-json-stable-stringify@2.1.0 from lock file
npm ERR! Missing: pirates@4.0.6 from lock file
npm ERR! Missing: write-file-atomic@4.0.2 from lock file
npm ERR! Missing: @ampproject/remapping@2.3.0 from lock file
npm ERR! Missing: @babel/code-frame@7.24.7 from lock file
npm ERR! Missing: @babel/generator@7.25.6 from lock file
npm ERR! Missing: @babel/helper-compilation-targets@7.25.2 from lock file
npm ERR! Missing: @babel/helper-module-transforms@7.25.2 from lock file
npm ERR! Missing: @babel/helpers@7.25.6 from lock file
npm ERR! Missing: @babel/parser@7.25.6 from lock file
npm ERR! Missing: @babel/template@7.25.0 from lock file
npm ERR! Missing: @babel/traverse@7.25.6 from lock file
npm ERR! Missing: @babel/types@7.25.6 from lock file
npm ERR! Missing: debug@4.3.7 from lock file
npm ERR! Missing: gensync@1.0.0-beta.2 from lock file
npm ERR! Missing: json5@2.2.3 from lock file
npm ERR! Missing: semver@6.3.1 from lock file
npm ERR! Missing: @jridgewell/gen-mapping@0.3.5 from lock file
npm ERR! Missing: @babel/highlight@7.24.7 from lock file
npm ERR! Missing: picocolors@1.1.0 from lock file
npm ERR! Missing: jsesc@2.5.2 from lock file
npm ERR! Missing: @babel/compat-data@7.25.4 from lock file
npm ERR! Missing: @babel/helper-validator-option@7.24.8 from lock file
npm ERR! Missing: browserslist@4.23.3 from lock file
npm ERR! Missing: lru-cache@5.1.1 from lock file
npm ERR! Missing: semver@6.3.1 from lock file
npm ERR! Missing: @babel/helper-module-imports@7.24.7 from lock file
npm ERR! Missing: @babel/helper-simple-access@7.24.7 from lock file
npm ERR! Missing: @babel/helper-validator-identifier@7.24.7 from lock file
npm ERR! Missing: chalk@2.4.2 from lock file
npm ERR! Missing: js-tokens@4.0.0 from lock file
npm ERR! Missing: debug@4.3.7 from lock file
npm ERR! Missing: globals@11.12.0 from lock file
npm ERR! Missing: @babel/helper-string-parser@7.24.8 from lock file
npm ERR! Missing: to-fast-properties@2.0.0 from lock file
npm ERR! Missing: @jest/schemas@29.6.3 from lock file
npm ERR! Missing: @types/istanbul-reports@3.0.4 from lock file
npm ERR! Missing: @types/yargs@17.0.33 from lock file
npm ERR! Missing: @sinclair/typebox@0.27.8 from lock file
npm ERR! Missing: @jridgewell/set-array@1.2.1 from lock file
npm ERR! Missing: @jridgewell/sourcemap-codec@1.5.0 from lock file
npm ERR! Missing: @jridgewell/resolve-uri@3.1.2 from lock file
npm ERR! Missing: @types/istanbul-lib-report@3.0.3 from lock file
npm ERR! Missing: @types/yargs-parser@21.0.3 from lock file
npm ERR! Missing: type-fest@0.21.3 from lock file
npm ERR! Missing: @babel/helper-plugin-utils@7.24.8 from lock file
npm ERR! Missing: @istanbuljs/load-nyc-config@1.1.0 from lock file
npm ERR! Missing: @istanbuljs/schema@0.1.3 from lock file
npm ERR! Missing: istanbul-lib-instrument@5.2.1 from lock file
npm ERR! Missing: test-exclude@6.0.0 from lock file
npm ERR! Missing: camelcase@5.3.1 from lock file
npm ERR! Missing: find-up@4.1.0 from lock file
npm ERR! Missing: get-package-type@0.1.0 from lock file
npm ERR! Missing: js-yaml@3.14.1 from lock file
npm ERR! Missing: resolve-from@5.0.0 from lock file
npm ERR! Missing: caniuse-lite@1.0.30001662 from lock file
npm ERR! Missing: electron-to-chromium@1.5.26 from lock file
npm ERR! Missing: node-releases@2.0.18 from lock file
npm ERR! Missing: update-browserslist-db@1.1.0 from lock file
npm ERR! Missing: supports-color@7.2.0 from lock file
npm ERR! Missing: locate-path@5.0.0 from lock file
npm ERR! Missing: path-exists@4.0.0 from lock file
npm ERR! Missing: fs.realpath@1.0.0 from lock file
npm ERR! Missing: inflight@1.0.6 from lock file
npm ERR! Missing: minimatch@3.1.2 from lock file
npm ERR! Missing: path-is-absolute@1.0.1 from lock file
npm ERR! Missing: pkg-dir@4.2.0 from lock file
npm ERR! Missing: resolve-cwd@3.0.0 from lock file
npm ERR! Missing: make-dir@4.0.0 from lock file
npm ERR! Missing: debug@4.3.7 from lock file
npm ERR! Missing: source-map@0.6.1 from lock file
npm ERR! Missing: html-escaper@2.0.2 from lock file
npm ERR! Missing: execa@5.1.1 from lock file
npm ERR! Missing: cross-spawn@7.0.3 from lock file
npm ERR! Missing: get-stream@6.0.1 from lock file
npm ERR! Missing: human-signals@2.1.0 from lock file
npm ERR! Missing: merge-stream@2.0.0 from lock file
npm ERR! Missing: npm-run-path@4.0.1 from lock file
npm ERR! Missing: onetime@5.1.2 from lock file
npm ERR! Missing: signal-exit@3.0.7 from lock file
npm ERR! Missing: strip-final-newline@2.0.0 from lock file
npm ERR! Missing: path-key@3.1.1 from lock file
npm ERR! Missing: shebang-command@2.0.0 from lock file
npm ERR! Missing: which@2.0.2 from lock file
npm ERR! Missing: create-jest@29.7.0 from lock file
npm ERR! Missing: prompts@2.4.2 from lock file
npm ERR! Missing: @jest/test-sequencer@29.7.0 from lock file
npm ERR! Missing: babel-jest@29.7.0 from lock file
npm ERR! Missing: deepmerge@4.3.1 from lock file
npm ERR! Missing: jest-circus@29.7.0 from lock file
npm ERR! Missing: jest-environment-node@29.7.0 from lock file
npm ERR! Missing: jest-get-type@29.6.3 from lock file
npm ERR! Missing: parse-json@5.2.0 from lock file
npm ERR! Missing: strip-json-comments@3.1.1 from lock file
npm ERR! Missing: @types/babel__core@7.20.5 from lock file
npm ERR! Missing: babel-preset-jest@29.6.3 from lock file
npm ERR! Missing: @types/babel__generator@7.6.8 from lock file
npm ERR! Missing: @types/babel__template@7.4.4 from lock file
npm ERR! Missing: @types/babel__traverse@7.20.6 from lock file
npm ERR! Missing: babel-plugin-jest-hoist@29.6.3 from lock file
npm ERR! Missing: babel-preset-current-node-syntax@1.1.0 from lock file
npm ERR! Missing: @babel/plugin-syntax-async-generators@7.8.4 from lock file
npm ERR! Missing: @babel/plugin-syntax-bigint@7.8.3 from lock file
npm ERR! Missing: @babel/plugin-syntax-class-properties@7.12.13 from lock file
npm ERR! Missing: @babel/plugin-syntax-class-static-block@7.14.5 from lock file
npm ERR! Missing: @babel/plugin-syntax-import-attributes@7.25.6 from lock file
npm ERR! Missing: @babel/plugin-syntax-import-meta@7.10.4 from lock file
npm ERR! Missing: @babel/plugin-syntax-json-strings@7.8.3 from lock file
npm ERR! Missing: @babel/plugin-syntax-logical-assignment-operators@7.10.4 from lock file
npm ERR! Missing: @babel/plugin-syntax-nullish-coalescing-operator@7.8.3 from lock file
npm ERR! Missing: @babel/plugin-syntax-numeric-separator@7.10.4 from lock file
npm ERR! Missing: @babel/plugin-syntax-object-rest-spread@7.8.3 from lock file
npm ERR! Missing: @babel/plugin-syntax-optional-catch-binding@7.8.3 from lock file
npm ERR! Missing: @babel/plugin-syntax-optional-chaining@7.8.3 from lock file
npm ERR! Missing: @babel/plugin-syntax-private-property-in-object@7.14.5 from lock file
npm ERR! Missing: @babel/plugin-syntax-top-level-await@7.14.5 from lock file
npm ERR! Missing: @jest/environment@29.7.0 from lock file
npm ERR! Missing: @jest/expect@29.7.0 from lock file
npm ERR! Missing: co@4.6.0 from lock file
npm ERR! Missing: dedent@1.5.3 from lock file
npm ERR! Missing: is-generator-fn@2.1.0 from lock file
npm ERR! Missing: jest-each@29.7.0 from lock file
npm ERR! Missing: jest-matcher-utils@29.7.0 from lock file
npm ERR! Missing: pure-rand@6.1.0 from lock file
npm ERR! Missing: stack-utils@2.0.6 from lock file
npm ERR! Missing: @jest/fake-timers@29.7.0 from lock file
npm ERR! Missing: jest-mock@29.7.0 from lock file
npm ERR! Missing: expect@29.7.0 from lock file
npm ERR! Missing: @sinonjs/fake-timers@10.3.0 from lock file
npm ERR! Missing: @sinonjs/commons@3.0.1 from lock file
npm ERR! Missing: type-detect@4.0.8 from lock file
npm ERR! Missing: @jest/expect-utils@29.7.0 from lock file
npm ERR! Missing: @types/graceful-fs@4.1.9 from lock file
npm ERR! Missing: anymatch@3.1.3 from lock file
npm ERR! Missing: fb-watchman@2.0.2 from lock file
npm ERR! Missing: fsevents@2.3.3 from lock file
npm ERR! Missing: walker@1.0.8 from lock file
npm ERR! Missing: normalize-path@3.0.0 from lock file
npm ERR! Missing: picomatch@2.3.1 from lock file
npm ERR! Missing: bser@2.1.1 from lock file
npm ERR! Missing: node-int64@0.4.0 from lock file
npm ERR! Missing: jest-diff@29.7.0 from lock file
npm ERR! Missing: diff-sequences@29.6.3 from lock file
npm ERR! Missing: @types/stack-utils@2.0.3 from lock file
npm ERR! Missing: jest-pnp-resolver@1.2.3 from lock file
npm ERR! Missing: resolve@1.22.8 from lock file
npm ERR! Missing: resolve.exports@2.0.2 from lock file
npm ERR! Missing: emittery@0.13.1 from lock file
npm ERR! Missing: jest-docblock@29.7.0 from lock file
npm ERR! Missing: jest-leak-detector@29.7.0 from lock file
npm ERR! Missing: source-map-support@0.5.13 from lock file
npm ERR! Missing: detect-newline@3.1.0 from lock file
npm ERR! Missing: @jest/globals@29.7.0 from lock file
npm ERR! Missing: @jest/source-map@29.6.3 from lock file
npm ERR! Missing: cjs-module-lexer@1.4.1 from lock file
npm ERR! Missing: strip-bom@4.0.0 from lock file
npm ERR! Missing: callsites@3.1.0 from lock file
npm ERR! Missing: @babel/plugin-syntax-jsx@7.24.7 from lock file
npm ERR! Missing: @babel/plugin-syntax-typescript@7.25.4 from lock file
npm ERR! Missing: natural-compare@1.4.0 from lock file
npm ERR! Missing: camelcase@6.3.0 from lock file
npm ERR! Missing: leven@3.1.0 from lock file
npm ERR! Missing: supports-color@8.1.1 from lock file
npm ERR! Missing: argparse@1.0.10 from lock file
npm ERR! Missing: esprima@4.0.1 from lock file
npm ERR! Missing: sprintf-js@1.0.3 from lock file
npm ERR! Missing: p-locate@4.1.0 from lock file
npm ERR! Missing: braces@3.0.3 from lock file
npm ERR! Missing: fill-range@7.1.1 from lock file
npm ERR! Missing: to-regex-range@5.0.1 from lock file
npm ERR! Missing: brace-expansion@1.1.11 from lock file
npm ERR! Missing: balanced-match@1.0.2 from lock file
npm ERR! Missing: concat-map@0.0.1 from lock file
npm ERR! Missing: mimic-fn@2.1.0 from lock file
npm ERR! Missing: p-limit@2.3.0 from lock file
npm ERR! Missing: error-ex@1.3.2 from lock file
npm ERR! Missing: json-parse-even-better-errors@2.3.1 from lock file
npm ERR! Missing: lines-and-columns@1.2.4 from lock file
npm ERR! Missing: is-arrayish@0.2.1 from lock file
npm ERR! Missing: ansi-styles@5.2.0 from lock file
npm ERR! Missing: react-is@18.3.1 from lock file
npm ERR! Missing: kleur@3.0.3 from lock file
npm ERR! Missing: sisteransi@1.0.5 from lock file
npm ERR! Missing: is-core-module@2.15.1 from lock file
npm ERR! Missing: path-parse@1.0.7 from lock file
npm ERR! Missing: supports-preserve-symlinks-flag@1.0.0 from lock file
npm ERR! Missing: shebang-regex@3.0.0 from lock file
npm ERR! Missing: buffer-from@1.1.2 from lock file
npm ERR! Missing: escape-string-regexp@2.0.0 from lock file
npm ERR! Missing: char-regex@1.0.2 from lock file
npm ERR! Missing: has-flag@4.0.0 from lock file
npm ERR! Missing: is-number@7.0.0 from lock file
npm ERR! Missing: makeerror@1.0.12 from lock file
npm ERR! Missing: tmpl@1.0.5 from lock file
npm ERR! Missing: isexe@2.0.0 from lock file
npm ERR! Missing: imurmurhash@0.1.4 from lock file
npm ERR! Missing: ms@2.1.3 from lock file
npm ERR! Missing: yallist@3.1.1 from lock file
npm ERR! Missing: ansi-styles@3.2.1 from lock file
npm ERR! Missing: escape-string-regexp@1.0.5 from lock file
npm ERR! Missing: supports-color@5.5.0 from lock file
npm ERR! Missing: color-convert@1.9.3 from lock file
npm ERR! Missing: color-name@1.1.3 from lock file
npm ERR! Missing: has-flag@3.0.0 from lock file
npm ERR! Missing: ms@2.1.3 from lock file
npm ERR! Missing: semver@6.3.1 from lock file
npm ERR! Missing: ms@2.1.3 from lock file
npm ERR! Missing: p-try@2.2.0 from lock file
npm ERR! 
npm ERR! Clean install a project
npm ERR! 
npm ERR! Usage:
npm ERR! npm ci
npm ERR! 
npm ERR! Options:
npm ERR! [-S|--save|--no-save|--save-prod|--save-dev|--save-optional|--save-peer|--save-bundle]
npm ERR! [-E|--save-exact] [-g|--global] [--global-style] [--legacy-bundling]
npm ERR! [--omit <dev|optional|peer> [--omit <dev|optional|peer> ...]]
npm ERR! [--strict-peer-deps] [--no-package-lock] [--foreground-scripts]
npm ERR! [--ignore-scripts] [--no-audit] [--no-bin-links] [--no-fund] [--dry-run]
npm ERR! [-w|--workspace <workspace-name> [-w|--workspace <workspace-name> ...]]
npm ERR! [-ws|--workspaces] [--include-workspace-root] [--install-links]
npm ERR! 
npm ERR! aliases: clean-install, ic, install-clean, isntall-clean
npm ERR! 
npm ERR! Run "npm help ci" for more info

npm ERR! A complete log of this run can be found in:
npm ERR!     /www-data-home/.npm/_logs/2024-09-20T11_13_53_307Z-debug-0.log. For more details see the logs at https://console.cloud.google.com/cloud-build/builds;region=us-central1/1f97785f-eecd-42d6-b787-4bc7593afb2f?project=159250775284.
[debug] [2024-09-20T11:14:07.236Z] Total Function Deployment time: 33189
[debug] [2024-09-20T11:14:07.236Z] 1 Functions Deployed
[debug] [2024-09-20T11:14:07.236Z] 1 Functions Errored
[debug] [2024-09-20T11:14:07.236Z] 0 Function Deployments Aborted
[debug] [2024-09-20T11:14:07.236Z] Average Function Deployment time: 33188
[info] 
[info] Functions deploy had errors with the following functions:
	onFileDelete(us-central1)
[info] i  functions: cleaning up build files... 
[debug] [2024-09-20T11:14:07.306Z] >>> [apiv2][query] DELETE https://artifactregistry.googleapis.com/v1beta2/projects/drivegazland/locations/us-central1/repositories/gcf-artifacts/packages/on_file_delete [none]
[debug] [2024-09-20T11:14:07.306Z] >>> [apiv2][query] GET https://us.gcr.io/v2/drivegazland/gcf/us-central1/tags/list [none]
[debug] [2024-09-20T11:14:07.601Z] <<< [apiv2][status] GET https://us.gcr.io/v2/drivegazland/gcf/us-central1/tags/list 404
[debug] [2024-09-20T11:14:07.601Z] <<< [apiv2][body] GET https://us.gcr.io/v2/drivegazland/gcf/us-central1/tags/list {"errors":[{"code":"NAME_UNKNOWN","message":"Repository \"us.gcr.io\" not found"}]}
[debug] [2024-09-20T11:14:07.601Z] Failed docker command with error  HTTP Error: 404, Not Found {"name":"FirebaseError","children":[],"context":{"body":{"errors":[{"code":"NAME_UNKNOWN","message":"Repository \"us.gcr.io\" not found"}],"error":{"message":"Not Found"}},"response":{"statusCode":404}},"exit":1,"message":"HTTP Error: 404, Not Found","status":404}
[debug] [2024-09-20T11:14:07.602Z] >>> [apiv2][query] GET https://us.gcr.io/v2/drivegazland/gcf/us-central1/tags/list [none]
[debug] [2024-09-20T11:14:07.864Z] <<< [apiv2][status] GET https://us.gcr.io/v2/drivegazland/gcf/us-central1/tags/list 404
[debug] [2024-09-20T11:14:07.864Z] <<< [apiv2][body] GET https://us.gcr.io/v2/drivegazland/gcf/us-central1/tags/list {"errors":[{"code":"NAME_UNKNOWN","message":"Repository \"us.gcr.io\" not found"}]}
[debug] [2024-09-20T11:14:07.864Z] Failed docker command with error  HTTP Error: 404, Not Found {"name":"FirebaseError","children":[],"context":{"body":{"errors":[{"code":"NAME_UNKNOWN","message":"Repository \"us.gcr.io\" not found"}],"error":{"message":"Not Found"}},"response":{"statusCode":404}},"exit":1,"message":"HTTP Error: 404, Not Found","status":404}
[debug] [2024-09-20T11:14:07.964Z] >>> [apiv2][query] GET https://us.gcr.io/v2/drivegazland/gcf/us-central1/tags/list [none]
[debug] [2024-09-20T11:14:08.060Z] <<< [apiv2][status] DELETE https://artifactregistry.googleapis.com/v1beta2/projects/drivegazland/locations/us-central1/repositories/gcf-artifacts/packages/on_file_delete 404
[debug] [2024-09-20T11:14:08.060Z] <<< [apiv2][body] DELETE https://artifactregistry.googleapis.com/v1beta2/projects/drivegazland/locations/us-central1/repositories/gcf-artifacts/packages/on_file_delete {"error":{"code":404,"message":"Package \"projects/drivegazland/locations/us-central1/repositories/gcf-artifacts/packages/on_file_delete\" was not found.","status":"NOT_FOUND"}}
[debug] [2024-09-20T11:14:08.239Z] <<< [apiv2][status] GET https://us.gcr.io/v2/drivegazland/gcf/us-central1/tags/list 404
[debug] [2024-09-20T11:14:08.239Z] <<< [apiv2][body] GET https://us.gcr.io/v2/drivegazland/gcf/us-central1/tags/list {"errors":[{"code":"NAME_UNKNOWN","message":"Repository \"us.gcr.io\" not found"}]}
[debug] [2024-09-20T11:14:08.239Z] Failed docker command with error  HTTP Error: 404, Not Found {"name":"FirebaseError","children":[],"context":{"body":{"errors":[{"code":"NAME_UNKNOWN","message":"Repository \"us.gcr.io\" not found"}],"error":{"message":"Not Found"}},"response":{"statusCode":404}},"exit":1,"message":"HTTP Error: 404, Not Found","status":404}
[warn] !  functions: Unhandled error cleaning up build images. This could result in a small monthly bill if not corrected. You can attempt to delete these images by redeploying or you can delete them manually at https://console.cloud.google.com/gcr/images/drivegazland/us/gcf 
[debug] [2024-09-20T11:14:08.240Z] Functions deploy failed.
[debug] [2024-09-20T11:14:08.240Z] {
  "endpoint": {
    "id": "onFileDelete",
    "project": "drivegazland",
    "region": "us-central1",
    "entryPoint": "onFileDelete",
    "platform": "gcfv2",
    "runtime": "nodejs16",
    "eventTrigger": {
      "eventType": "google.cloud.firestore.document.v1.deleted",
      "retry": false,
      "eventFilters": {
        "database": "(default)",
        "namespace": "(default)"
      },
      "eventFilterPathPatterns": {
        "document": "files/{fileId}"
      },
      "region": "eur3"
    },
    "labels": {
      "deployment-tool": "cli-firebase"
    },
    "ingressSettings": null,
    "availableMemoryMb": null,
    "serviceAccount": null,
    "timeoutSeconds": null,
    "maxInstances": null,
    "minInstances": null,
    "concurrency": 80,
    "vpc": null,
    "environmentVariables": {
      "FIREBASE_CONFIG": "{\"projectId\":\"drivegazland\",\"storageBucket\":\"drivegazland.appspot.com\",\"locationId\":\"europe-west\"}",
      "GCLOUD_PROJECT": "drivegazland",
      "EVENTARC_CLOUD_EVENT_SOURCE": "projects/drivegazland/locations/us-central1/services/onFileDelete"
    },
    "codebase": "default",
    "cpu": 1,
    "targetedByOnly": false,
    "hash": "697bed1d333f8bfab8eff390afa05cdc81ba1bec"
  },
  "op": "create",
  "original": {
    "name": "FirebaseError",
    "children": [],
    "exit": 1,
    "message": "Build failed with status: FAILURE and message: npm WARN EBADENGINE Unsupported engine {\nnpm WARN EBADENGINE   package: 'farmhash-modern@1.1.0',\nnpm WARN EBADENGINE   required: { node: '>=18.0.0' },\nnpm WARN EBADENGINE   current: { node: 'v16.20.2', npm: '8.19.4' }\nnpm WARN EBADENGINE }\nnpm ERR! code EUSAGE\nnpm ERR! \nnpm ERR! `npm ci` can only install packages when your package.json and package-lock.json or npm-shrinkwrap.json are in sync. Please update your lock file with `npm install` before continuing.\nnpm ERR! \nnpm ERR! Missing: jest@29.7.0 from lock file\nnpm ERR! Missing: @jest/core@29.7.0 from lock file\nnpm ERR! Missing: @jest/types@29.6.3 from lock file\nnpm ERR! Missing: import-local@3.2.0 from lock file\nnpm ERR! Missing: jest-cli@29.7.0 from lock file\nnpm ERR! Missing: @jest/console@29.7.0 from lock file\nnpm ERR! Missing: @jest/reporters@29.7.0 from lock file\nnpm ERR! Missing: @jest/test-result@29.7.0 from lock file\nnpm ERR! Missing: @jest/transform@29.7.0 from lock file\nnpm ERR! Missing: ansi-escapes@4.3.2 from lock file\nnpm ERR! Missing: chalk@4.1.2 from lock file\nnpm ERR! Missing: ci-info@3.9.0 from lock file\nnpm ERR! Missing: exit@0.1.2 from lock file\nnpm ERR! Missing: graceful-fs@4.2.11 from lock file\nnpm ERR! Missing: jest-changed-files@29.7.0 from lock file\nnpm ERR! Missing: jest-config@29.7.0 from lock file\nnpm ERR! Missing: jest-haste-map@29.7.0 from lock file\nnpm ERR! Missing: jest-message-util@29.7.0 from lock file\nnpm ERR! Missing: jest-regex-util@29.6.3 from lock file\nnpm ERR! Missing: jest-resolve@29.7.0 from lock file\nnpm ERR! Missing: jest-resolve-dependencies@29.7.0 from lock file\nnpm ERR! Missing: jest-runner@29.7.0 from lock file\nnpm ERR! Missing: jest-runtime@29.7.0 from lock file\nnpm ERR! Missing: jest-snapshot@29.7.0 from lock file\nnpm ERR! Missing: jest-util@29.7.0 from lock file\nnpm ERR! Missing: jest-validate@29.7.0 from lock file\nnpm ERR! Missing: jest-watcher@29.7.0 from lock file\nnpm ERR! Missing: micromatch@4.0.8 from lock file\nnpm ERR! Missing: pretty-format@29.7.0 from lock file\nnpm ERR! Missing: slash@3.0.0 from lock file\nnpm ERR! Missing: @bcoe/v8-coverage@0.2.3 from lock file\nnpm ERR! Missing: @jridgewell/trace-mapping@0.3.25 from lock file\nnpm ERR! Missing: collect-v8-coverage@1.0.2 from lock file\nnpm ERR! Missing: glob@7.2.3 from lock file\nnpm ERR! Missing: istanbul-lib-coverage@3.2.2 from lock file\nnpm ERR! Missing: istanbul-lib-instrument@6.0.3 from lock file\nnpm ERR! Missing: istanbul-lib-report@3.0.1 from lock file\nnpm ERR! Missing: istanbul-lib-source-maps@4.0.1 from lock file\nnpm ERR! Missing: istanbul-reports@3.1.7 from lock file\nnpm ERR! Missing: jest-worker@29.7.0 from lock file\nnpm ERR! Missing: string-length@4.0.2 from lock file\nnpm ERR! Missing: v8-to-istanbul@9.3.0 from lock file\nnpm ERR! Missing: @types/istanbul-lib-coverage@2.0.6 from lock file\nnpm ERR! Missing: @babel/core@7.25.2 from lock file\nnpm ERR! Missing: babel-plugin-istanbul@6.1.1 from lock file\nnpm ERR! Missing: convert-source-map@2.0.0 from lock file\nnpm ERR! Missing: fast-json-stable-stringify@2.1.0 from lock file\nnpm ERR! Missing: pirates@4.0.6 from lock file\nnpm ERR! Missing: write-file-atomic@4.0.2 from lock file\nnpm ERR! Missing: @ampproject/remapping@2.3.0 from lock file\nnpm ERR! Missing: @babel/code-frame@7.24.7 from lock file\nnpm ERR! Missing: @babel/generator@7.25.6 from lock file\nnpm ERR! Missing: @babel/helper-compilation-targets@7.25.2 from lock file\nnpm ERR! Missing: @babel/helper-module-transforms@7.25.2 from lock file\nnpm ERR! Missing: @babel/helpers@7.25.6 from lock file\nnpm ERR! Missing: @babel/parser@7.25.6 from lock file\nnpm ERR! Missing: @babel/template@7.25.0 from lock file\nnpm ERR! Missing: @babel/traverse@7.25.6 from lock file\nnpm ERR! Missing: @babel/types@7.25.6 from lock file\nnpm ERR! Missing: debug@4.3.7 from lock file\nnpm ERR! Missing: gensync@1.0.0-beta.2 from lock file\nnpm ERR! Missing: json5@2.2.3 from lock file\nnpm ERR! Missing: semver@6.3.1 from lock file\nnpm ERR! Missing: @jridgewell/gen-mapping@0.3.5 from lock file\nnpm ERR! Missing: @babel/highlight@7.24.7 from lock file\nnpm ERR! Missing: picocolors@1.1.0 from lock file\nnpm ERR! Missing: jsesc@2.5.2 from lock file\nnpm ERR! Missing: @babel/compat-data@7.25.4 from lock file\nnpm ERR! Missing: @babel/helper-validator-option@7.24.8 from lock file\nnpm ERR! Missing: browserslist@4.23.3 from lock file\nnpm ERR! Missing: lru-cache@5.1.1 from lock file\nnpm ERR! Missing: semver@6.3.1 from lock file\nnpm ERR! Missing: @babel/helper-module-imports@7.24.7 from lock file\nnpm ERR! Missing: @babel/helper-simple-access@7.24.7 from lock file\nnpm ERR! Missing: @babel/helper-validator-identifier@7.24.7 from lock file\nnpm ERR! Missing: chalk@2.4.2 from lock file\nnpm ERR! Missing: js-tokens@4.0.0 from lock file\nnpm ERR! Missing: debug@4.3.7 from lock file\nnpm ERR! Missing: globals@11.12.0 from lock file\nnpm ERR! Missing: @babel/helper-string-parser@7.24.8 from lock file\nnpm ERR! Missing: to-fast-properties@2.0.0 from lock file\nnpm ERR! Missing: @jest/schemas@29.6.3 from lock file\nnpm ERR! Missing: @types/istanbul-reports@3.0.4 from lock file\nnpm ERR! Missing: @types/yargs@17.0.33 from lock file\nnpm ERR! Missing: @sinclair/typebox@0.27.8 from lock file\nnpm ERR! Missing: @jridgewell/set-array@1.2.1 from lock file\nnpm ERR! Missing: @jridgewell/sourcemap-codec@1.5.0 from lock file\nnpm ERR! Missing: @jridgewell/resolve-uri@3.1.2 from lock file\nnpm ERR! Missing: @types/istanbul-lib-report@3.0.3 from lock file\nnpm ERR! Missing: @types/yargs-parser@21.0.3 from lock file\nnpm ERR! Missing: type-fest@0.21.3 from lock file\nnpm ERR! Missing: @babel/helper-plugin-utils@7.24.8 from lock file\nnpm ERR! Missing: @istanbuljs/load-nyc-config@1.1.0 from lock file\nnpm ERR! Missing: @istanbuljs/schema@0.1.3 from lock file\nnpm ERR! Missing: istanbul-lib-instrument@5.2.1 from lock file\nnpm ERR! Missing: test-exclude@6.0.0 from lock file\nnpm ERR! Missing: camelcase@5.3.1 from lock file\nnpm ERR! Missing: find-up@4.1.0 from lock file\nnpm ERR! Missing: get-package-type@0.1.0 from lock file\nnpm ERR! Missing: js-yaml@3.14.1 from lock file\nnpm ERR! Missing: resolve-from@5.0.0 from lock file\nnpm ERR! Missing: caniuse-lite@1.0.30001662 from lock file\nnpm ERR! Missing: electron-to-chromium@1.5.26 from lock file\nnpm ERR! Missing: node-releases@2.0.18 from lock file\nnpm ERR! Missing: update-browserslist-db@1.1.0 from lock file\nnpm ERR! Missing: supports-color@7.2.0 from lock file\nnpm ERR! Missing: locate-path@5.0.0 from lock file\nnpm ERR! Missing: path-exists@4.0.0 from lock file\nnpm ERR! Missing: fs.realpath@1.0.0 from lock file\nnpm ERR! Missing: inflight@1.0.6 from lock file\nnpm ERR! Missing: minimatch@3.1.2 from lock file\nnpm ERR! Missing: path-is-absolute@1.0.1 from lock file\nnpm ERR! Missing: pkg-dir@4.2.0 from lock file\nnpm ERR! Missing: resolve-cwd@3.0.0 from lock file\nnpm ERR! Missing: make-dir@4.0.0 from lock file\nnpm ERR! Missing: debug@4.3.7 from lock file\nnpm ERR! Missing: source-map@0.6.1 from lock file\nnpm ERR! Missing: html-escaper@2.0.2 from lock file\nnpm ERR! Missing: execa@5.1.1 from lock file\nnpm ERR! Missing: cross-spawn@7.0.3 from lock file\nnpm ERR! Missing: get-stream@6.0.1 from lock file\nnpm ERR! Missing: human-signals@2.1.0 from lock file\nnpm ERR! Missing: merge-stream@2.0.0 from lock file\nnpm ERR! Missing: npm-run-path@4.0.1 from lock file\nnpm ERR! Missing: onetime@5.1.2 from lock file\nnpm ERR! Missing: signal-exit@3.0.7 from lock file\nnpm ERR! Missing: strip-final-newline@2.0.0 from lock file\nnpm ERR! Missing: path-key@3.1.1 from lock file\nnpm ERR! Missing: shebang-command@2.0.0 from lock file\nnpm ERR! Missing: which@2.0.2 from lock file\nnpm ERR! Missing: create-jest@29.7.0 from lock file\nnpm ERR! Missing: prompts@2.4.2 from lock file\nnpm ERR! Missing: @jest/test-sequencer@29.7.0 from lock file\nnpm ERR! Missing: babel-jest@29.7.0 from lock file\nnpm ERR! Missing: deepmerge@4.3.1 from lock file\nnpm ERR! Missing: jest-circus@29.7.0 from lock file\nnpm ERR! Missing: jest-environment-node@29.7.0 from lock file\nnpm ERR! Missing: jest-get-type@29.6.3 from lock file\nnpm ERR! Missing: parse-json@5.2.0 from lock file\nnpm ERR! Missing: strip-json-comments@3.1.1 from lock file\nnpm ERR! Missing: @types/babel__core@7.20.5 from lock file\nnpm ERR! Missing: babel-preset-jest@29.6.3 from lock file\nnpm ERR! Missing: @types/babel__generator@7.6.8 from lock file\nnpm ERR! Missing: @types/babel__template@7.4.4 from lock file\nnpm ERR! Missing: @types/babel__traverse@7.20.6 from lock file\nnpm ERR! Missing: babel-plugin-jest-hoist@29.6.3 from lock file\nnpm ERR! Missing: babel-preset-current-node-syntax@1.1.0 from lock file\nnpm ERR! Missing: @babel/plugin-syntax-async-generators@7.8.4 from lock file\nnpm ERR! Missing: @babel/plugin-syntax-bigint@7.8.3 from lock file\nnpm ERR! Missing: @babel/plugin-syntax-class-properties@7.12.13 from lock file\nnpm ERR! Missing: @babel/plugin-syntax-class-static-block@7.14.5 from lock file\nnpm ERR! Missing: @babel/plugin-syntax-import-attributes@7.25.6 from lock file\nnpm ERR! Missing: @babel/plugin-syntax-import-meta@7.10.4 from lock file\nnpm ERR! Missing: @babel/plugin-syntax-json-strings@7.8.3 from lock file\nnpm ERR! Missing: @babel/plugin-syntax-logical-assignment-operators@7.10.4 from lock file\nnpm ERR! Missing: @babel/plugin-syntax-nullish-coalescing-operator@7.8.3 from lock file\nnpm ERR! Missing: @babel/plugin-syntax-numeric-separator@7.10.4 from lock file\nnpm ERR! Missing: @babel/plugin-syntax-object-rest-spread@7.8.3 from lock file\nnpm ERR! Missing: @babel/plugin-syntax-optional-catch-binding@7.8.3 from lock file\nnpm ERR! Missing: @babel/plugin-syntax-optional-chaining@7.8.3 from lock file\nnpm ERR! Missing: @babel/plugin-syntax-private-property-in-object@7.14.5 from lock file\nnpm ERR! Missing: @babel/plugin-syntax-top-level-await@7.14.5 from lock file\nnpm ERR! Missing: @jest/environment@29.7.0 from lock file\nnpm ERR! Missing: @jest/expect@29.7.0 from lock file\nnpm ERR! Missing: co@4.6.0 from lock file\nnpm ERR! Missing: dedent@1.5.3 from lock file\nnpm ERR! Missing: is-generator-fn@2.1.0 from lock file\nnpm ERR! Missing: jest-each@29.7.0 from lock file\nnpm ERR! Missing: jest-matcher-utils@29.7.0 from lock file\nnpm ERR! Missing: pure-rand@6.1.0 from lock file\nnpm ERR! Missing: stack-utils@2.0.6 from lock file\nnpm ERR! Missing: @jest/fake-timers@29.7.0 from lock file\nnpm ERR! Missing: jest-mock@29.7.0 from lock file\nnpm ERR! Missing: expect@29.7.0 from lock file\nnpm ERR! Missing: @sinonjs/fake-timers@10.3.0 from lock file\nnpm ERR! Missing: @sinonjs/commons@3.0.1 from lock file\nnpm ERR! Missing: type-detect@4.0.8 from lock file\nnpm ERR! Missing: @jest/expect-utils@29.7.0 from lock file\nnpm ERR! Missing: @types/graceful-fs@4.1.9 from lock file\nnpm ERR! Missing: anymatch@3.1.3 from lock file\nnpm ERR! Missing: fb-watchman@2.0.2 from lock file\nnpm ERR! Missing: fsevents@2.3.3 from lock file\nnpm ERR! Missing: walker@1.0.8 from lock file\nnpm ERR! Missing: normalize-path@3.0.0 from lock file\nnpm ERR! Missing: picomatch@2.3.1 from lock file\nnpm ERR! Missing: bser@2.1.1 from lock file\nnpm ERR! Missing: node-int64@0.4.0 from lock file\nnpm ERR! Missing: jest-diff@29.7.0 from lock file\nnpm ERR! Missing: diff-sequences@29.6.3 from lock file\nnpm ERR! Missing: @types/stack-utils@2.0.3 from lock file\nnpm ERR! Missing: jest-pnp-resolver@1.2.3 from lock file\nnpm ERR! Missing: resolve@1.22.8 from lock file\nnpm ERR! Missing: resolve.exports@2.0.2 from lock file\nnpm ERR! Missing: emittery@0.13.1 from lock file\nnpm ERR! Missing: jest-docblock@29.7.0 from lock file\nnpm ERR! Missing: jest-leak-detector@29.7.0 from lock file\nnpm ERR! Missing: source-map-support@0.5.13 from lock file\nnpm ERR! Missing: detect-newline@3.1.0 from lock file\nnpm ERR! Missing: @jest/globals@29.7.0 from lock file\nnpm ERR! Missing: @jest/source-map@29.6.3 from lock file\nnpm ERR! Missing: cjs-module-lexer@1.4.1 from lock file\nnpm ERR! Missing: strip-bom@4.0.0 from lock file\nnpm ERR! Missing: callsites@3.1.0 from lock file\nnpm ERR! Missing: @babel/plugin-syntax-jsx@7.24.7 from lock file\nnpm ERR! Missing: @babel/plugin-syntax-typescript@7.25.4 from lock file\nnpm ERR! Missing: natural-compare@1.4.0 from lock file\nnpm ERR! Missing: camelcase@6.3.0 from lock file\nnpm ERR! Missing: leven@3.1.0 from lock file\nnpm ERR! Missing: supports-color@8.1.1 from lock file\nnpm ERR! Missing: argparse@1.0.10 from lock file\nnpm ERR! Missing: esprima@4.0.1 from lock file\nnpm ERR! Missing: sprintf-js@1.0.3 from lock file\nnpm ERR! Missing: p-locate@4.1.0 from lock file\nnpm ERR! Missing: braces@3.0.3 from lock file\nnpm ERR! Missing: fill-range@7.1.1 from lock file\nnpm ERR! Missing: to-regex-range@5.0.1 from lock file\nnpm ERR! Missing: brace-expansion@1.1.11 from lock file\nnpm ERR! Missing: balanced-match@1.0.2 from lock file\nnpm ERR! Missing: concat-map@0.0.1 from lock file\nnpm ERR! Missing: mimic-fn@2.1.0 from lock file\nnpm ERR! Missing: p-limit@2.3.0 from lock file\nnpm ERR! Missing: error-ex@1.3.2 from lock file\nnpm ERR! Missing: json-parse-even-better-errors@2.3.1 from lock file\nnpm ERR! Missing: lines-and-columns@1.2.4 from lock file\nnpm ERR! Missing: is-arrayish@0.2.1 from lock file\nnpm ERR! Missing: ansi-styles@5.2.0 from lock file\nnpm ERR! Missing: react-is@18.3.1 from lock file\nnpm ERR! Missing: kleur@3.0.3 from lock file\nnpm ERR! Missing: sisteransi@1.0.5 from lock file\nnpm ERR! Missing: is-core-module@2.15.1 from lock file\nnpm ERR! Missing: path-parse@1.0.7 from lock file\nnpm ERR! Missing: supports-preserve-symlinks-flag@1.0.0 from lock file\nnpm ERR! Missing: shebang-regex@3.0.0 from lock file\nnpm ERR! Missing: buffer-from@1.1.2 from lock file\nnpm ERR! Missing: escape-string-regexp@2.0.0 from lock file\nnpm ERR! Missing: char-regex@1.0.2 from lock file\nnpm ERR! Missing: has-flag@4.0.0 from lock file\nnpm ERR! Missing: is-number@7.0.0 from lock file\nnpm ERR! Missing: makeerror@1.0.12 from lock file\nnpm ERR! Missing: tmpl@1.0.5 from lock file\nnpm ERR! Missing: isexe@2.0.0 from lock file\nnpm ERR! Missing: imurmurhash@0.1.4 from lock file\nnpm ERR! Missing: ms@2.1.3 from lock file\nnpm ERR! Missing: yallist@3.1.1 from lock file\nnpm ERR! Missing: ansi-styles@3.2.1 from lock file\nnpm ERR! Missing: escape-string-regexp@1.0.5 from lock file\nnpm ERR! Missing: supports-color@5.5.0 from lock file\nnpm ERR! Missing: color-convert@1.9.3 from lock file\nnpm ERR! Missing: color-name@1.1.3 from lock file\nnpm ERR! Missing: has-flag@3.0.0 from lock file\nnpm ERR! Missing: ms@2.1.3 from lock file\nnpm ERR! Missing: semver@6.3.1 from lock file\nnpm ERR! Missing: ms@2.1.3 from lock file\nnpm ERR! Missing: p-try@2.2.0 from lock file\nnpm ERR! \nnpm ERR! Clean install a project\nnpm ERR! \nnpm ERR! Usage:\nnpm ERR! npm ci\nnpm ERR! \nnpm ERR! Options:\nnpm ERR! [-S|--save|--no-save|--save-prod|--save-dev|--save-optional|--save-peer|--save-bundle]\nnpm ERR! [-E|--save-exact] [-g|--global] [--global-style] [--legacy-bundling]\nnpm ERR! [--omit <dev|optional|peer> [--omit <dev|optional|peer> ...]]\nnpm ERR! [--strict-peer-deps] [--no-package-lock] [--foreground-scripts]\nnpm ERR! [--ignore-scripts] [--no-audit] [--no-bin-links] [--no-fund] [--dry-run]\nnpm ERR! [-w|--workspace <workspace-name> [-w|--workspace <workspace-name> ...]]\nnpm ERR! [-ws|--workspaces] [--include-workspace-root] [--install-links]\nnpm ERR! \nnpm ERR! aliases: clean-install, ic, install-clean, isntall-clean\nnpm ERR! \nnpm ERR! Run \"npm help ci\" for more info\n\nnpm ERR! A complete log of this run can be found in:\nnpm ERR!     /www-data-home/.npm/_logs/2024-09-20T11_13_53_307Z-debug-0.log. For more details see the logs at https://console.cloud.google.com/cloud-build/builds;region=us-central1/1f97785f-eecd-42d6-b787-4bc7593afb2f?project=159250775284.",
    "original": {
      "code": 3,
      "message": "Build failed with status: FAILURE and message: npm WARN EBADENGINE Unsupported engine {\nnpm WARN EBADENGINE   package: 'farmhash-modern@1.1.0',\nnpm WARN EBADENGINE   required: { node: '>=18.0.0' },\nnpm WARN EBADENGINE   current: { node: 'v16.20.2', npm: '8.19.4' }\nnpm WARN EBADENGINE }\nnpm ERR! code EUSAGE\nnpm ERR! \nnpm ERR! `npm ci` can only install packages when your package.json and package-lock.json or npm-shrinkwrap.json are in sync. Please update your lock file with `npm install` before continuing.\nnpm ERR! \nnpm ERR! Missing: jest@29.7.0 from lock file\nnpm ERR! Missing: @jest/core@29.7.0 from lock file\nnpm ERR! Missing: @jest/types@29.6.3 from lock file\nnpm ERR! Missing: import-local@3.2.0 from lock file\nnpm ERR! Missing: jest-cli@29.7.0 from lock file\nnpm ERR! Missing: @jest/console@29.7.0 from lock file\nnpm ERR! Missing: @jest/reporters@29.7.0 from lock file\nnpm ERR! Missing: @jest/test-result@29.7.0 from lock file\nnpm ERR! Missing: @jest/transform@29.7.0 from lock file\nnpm ERR! Missing: ansi-escapes@4.3.2 from lock file\nnpm ERR! Missing: chalk@4.1.2 from lock file\nnpm ERR! Missing: ci-info@3.9.0 from lock file\nnpm ERR! Missing: exit@0.1.2 from lock file\nnpm ERR! Missing: graceful-fs@4.2.11 from lock file\nnpm ERR! Missing: jest-changed-files@29.7.0 from lock file\nnpm ERR! Missing: jest-config@29.7.0 from lock file\nnpm ERR! Missing: jest-haste-map@29.7.0 from lock file\nnpm ERR! Missing: jest-message-util@29.7.0 from lock file\nnpm ERR! Missing: jest-regex-util@29.6.3 from lock file\nnpm ERR! Missing: jest-resolve@29.7.0 from lock file\nnpm ERR! Missing: jest-resolve-dependencies@29.7.0 from lock file\nnpm ERR! Missing: jest-runner@29.7.0 from lock file\nnpm ERR! Missing: jest-runtime@29.7.0 from lock file\nnpm ERR! Missing: jest-snapshot@29.7.0 from lock file\nnpm ERR! Missing: jest-util@29.7.0 from lock file\nnpm ERR! Missing: jest-validate@29.7.0 from lock file\nnpm ERR! Missing: jest-watcher@29.7.0 from lock file\nnpm ERR! Missing: micromatch@4.0.8 from lock file\nnpm ERR! Missing: pretty-format@29.7.0 from lock file\nnpm ERR! Missing: slash@3.0.0 from lock file\nnpm ERR! Missing: @bcoe/v8-coverage@0.2.3 from lock file\nnpm ERR! Missing: @jridgewell/trace-mapping@0.3.25 from lock file\nnpm ERR! Missing: collect-v8-coverage@1.0.2 from lock file\nnpm ERR! Missing: glob@7.2.3 from lock file\nnpm ERR! Missing: istanbul-lib-coverage@3.2.2 from lock file\nnpm ERR! Missing: istanbul-lib-instrument@6.0.3 from lock file\nnpm ERR! Missing: istanbul-lib-report@3.0.1 from lock file\nnpm ERR! Missing: istanbul-lib-source-maps@4.0.1 from lock file\nnpm ERR! Missing: istanbul-reports@3.1.7 from lock file\nnpm ERR! Missing: jest-worker@29.7.0 from lock file\nnpm ERR! Missing: string-length@4.0.2 from lock file\nnpm ERR! Missing: v8-to-istanbul@9.3.0 from lock file\nnpm ERR! Missing: @types/istanbul-lib-coverage@2.0.6 from lock file\nnpm ERR! Missing: @babel/core@7.25.2 from lock file\nnpm ERR! Missing: babel-plugin-istanbul@6.1.1 from lock file\nnpm ERR! Missing: convert-source-map@2.0.0 from lock file\nnpm ERR! Missing: fast-json-stable-stringify@2.1.0 from lock file\nnpm ERR! Missing: pirates@4.0.6 from lock file\nnpm ERR! Missing: write-file-atomic@4.0.2 from lock file\nnpm ERR! Missing: @ampproject/remapping@2.3.0 from lock file\nnpm ERR! Missing: @babel/code-frame@7.24.7 from lock file\nnpm ERR! Missing: @babel/generator@7.25.6 from lock file\nnpm ERR! Missing: @babel/helper-compilation-targets@7.25.2 from lock file\nnpm ERR! Missing: @babel/helper-module-transforms@7.25.2 from lock file\nnpm ERR! Missing: @babel/helpers@7.25.6 from lock file\nnpm ERR! Missing: @babel/parser@7.25.6 from lock file\nnpm ERR! Missing: @babel/template@7.25.0 from lock file\nnpm ERR! Missing: @babel/traverse@7.25.6 from lock file\nnpm ERR! Missing: @babel/types@7.25.6 from lock file\nnpm ERR! Missing: debug@4.3.7 from lock file\nnpm ERR! Missing: gensync@1.0.0-beta.2 from lock file\nnpm ERR! Missing: json5@2.2.3 from lock file\nnpm ERR! Missing: semver@6.3.1 from lock file\nnpm ERR! Missing: @jridgewell/gen-mapping@0.3.5 from lock file\nnpm ERR! Missing: @babel/highlight@7.24.7 from lock file\nnpm ERR! Missing: picocolors@1.1.0 from lock file\nnpm ERR! Missing: jsesc@2.5.2 from lock file\nnpm ERR! Missing: @babel/compat-data@7.25.4 from lock file\nnpm ERR! Missing: @babel/helper-validator-option@7.24.8 from lock file\nnpm ERR! Missing: browserslist@4.23.3 from lock file\nnpm ERR! Missing: lru-cache@5.1.1 from lock file\nnpm ERR! Missing: semver@6.3.1 from lock file\nnpm ERR! Missing: @babel/helper-module-imports@7.24.7 from lock file\nnpm ERR! Missing: @babel/helper-simple-access@7.24.7 from lock file\nnpm ERR! Missing: @babel/helper-validator-identifier@7.24.7 from lock file\nnpm ERR! Missing: chalk@2.4.2 from lock file\nnpm ERR! Missing: js-tokens@4.0.0 from lock file\nnpm ERR! Missing: debug@4.3.7 from lock file\nnpm ERR! Missing: globals@11.12.0 from lock file\nnpm ERR! Missing: @babel/helper-string-parser@7.24.8 from lock file\nnpm ERR! Missing: to-fast-properties@2.0.0 from lock file\nnpm ERR! Missing: @jest/schemas@29.6.3 from lock file\nnpm ERR! Missing: @types/istanbul-reports@3.0.4 from lock file\nnpm ERR! Missing: @types/yargs@17.0.33 from lock file\nnpm ERR! Missing: @sinclair/typebox@0.27.8 from lock file\nnpm ERR! Missing: @jridgewell/set-array@1.2.1 from lock file\nnpm ERR! Missing: @jridgewell/sourcemap-codec@1.5.0 from lock file\nnpm ERR! Missing: @jridgewell/resolve-uri@3.1.2 from lock file\nnpm ERR! Missing: @types/istanbul-lib-report@3.0.3 from lock file\nnpm ERR! Missing: @types/yargs-parser@21.0.3 from lock file\nnpm ERR! Missing: type-fest@0.21.3 from lock file\nnpm ERR! Missing: @babel/helper-plugin-utils@7.24.8 from lock file\nnpm ERR! Missing: @istanbuljs/load-nyc-config@1.1.0 from lock file\nnpm ERR! Missing: @istanbuljs/schema@0.1.3 from lock file\nnpm ERR! Missing: istanbul-lib-instrument@5.2.1 from lock file\nnpm ERR! Missing: test-exclude@6.0.0 from lock file\nnpm ERR! Missing: camelcase@5.3.1 from lock file\nnpm ERR! Missing: find-up@4.1.0 from lock file\nnpm ERR! Missing: get-package-type@0.1.0 from lock file\nnpm ERR! Missing: js-yaml@3.14.1 from lock file\nnpm ERR! Missing: resolve-from@5.0.0 from lock file\nnpm ERR! Missing: caniuse-lite@1.0.30001662 from lock file\nnpm ERR! Missing: electron-to-chromium@1.5.26 from lock file\nnpm ERR! Missing: node-releases@2.0.18 from lock file\nnpm ERR! Missing: update-browserslist-db@1.1.0 from lock file\nnpm ERR! Missing: supports-color@7.2.0 from lock file\nnpm ERR! Missing: locate-path@5.0.0 from lock file\nnpm ERR! Missing: path-exists@4.0.0 from lock file\nnpm ERR! Missing: fs.realpath@1.0.0 from lock file\nnpm ERR! Missing: inflight@1.0.6 from lock file\nnpm ERR! Missing: minimatch@3.1.2 from lock file\nnpm ERR! Missing: path-is-absolute@1.0.1 from lock file\nnpm ERR! Missing: pkg-dir@4.2.0 from lock file\nnpm ERR! Missing: resolve-cwd@3.0.0 from lock file\nnpm ERR! Missing: make-dir@4.0.0 from lock file\nnpm ERR! Missing: debug@4.3.7 from lock file\nnpm ERR! Missing: source-map@0.6.1 from lock file\nnpm ERR! Missing: html-escaper@2.0.2 from lock file\nnpm ERR! Missing: execa@5.1.1 from lock file\nnpm ERR! Missing: cross-spawn@7.0.3 from lock file\nnpm ERR! Missing: get-stream@6.0.1 from lock file\nnpm ERR! Missing: human-signals@2.1.0 from lock file\nnpm ERR! Missing: merge-stream@2.0.0 from lock file\nnpm ERR! Missing: npm-run-path@4.0.1 from lock file\nnpm ERR! Missing: onetime@5.1.2 from lock file\nnpm ERR! Missing: signal-exit@3.0.7 from lock file\nnpm ERR! Missing: strip-final-newline@2.0.0 from lock file\nnpm ERR! Missing: path-key@3.1.1 from lock file\nnpm ERR! Missing: shebang-command@2.0.0 from lock file\nnpm ERR! Missing: which@2.0.2 from lock file\nnpm ERR! Missing: create-jest@29.7.0 from lock file\nnpm ERR! Missing: prompts@2.4.2 from lock file\nnpm ERR! Missing: @jest/test-sequencer@29.7.0 from lock file\nnpm ERR! Missing: babel-jest@29.7.0 from lock file\nnpm ERR! Missing: deepmerge@4.3.1 from lock file\nnpm ERR! Missing: jest-circus@29.7.0 from lock file\nnpm ERR! Missing: jest-environment-node@29.7.0 from lock file\nnpm ERR! Missing: jest-get-type@29.6.3 from lock file\nnpm ERR! Missing: parse-json@5.2.0 from lock file\nnpm ERR! Missing: strip-json-comments@3.1.1 from lock file\nnpm ERR! Missing: @types/babel__core@7.20.5 from lock file\nnpm ERR! Missing: babel-preset-jest@29.6.3 from lock file\nnpm ERR! Missing: @types/babel__generator@7.6.8 from lock file\nnpm ERR! Missing: @types/babel__template@7.4.4 from lock file\nnpm ERR! Missing: @types/babel__traverse@7.20.6 from lock file\nnpm ERR! Missing: babel-plugin-jest-hoist@29.6.3 from lock file\nnpm ERR! Missing: babel-preset-current-node-syntax@1.1.0 from lock file\nnpm ERR! Missing: @babel/plugin-syntax-async-generators@7.8.4 from lock file\nnpm ERR! Missing: @babel/plugin-syntax-bigint@7.8.3 from lock file\nnpm ERR! Missing: @babel/plugin-syntax-class-properties@7.12.13 from lock file\nnpm ERR! Missing: @babel/plugin-syntax-class-static-block@7.14.5 from lock file\nnpm ERR! Missing: @babel/plugin-syntax-import-attributes@7.25.6 from lock file\nnpm ERR! Missing: @babel/plugin-syntax-import-meta@7.10.4 from lock file\nnpm ERR! Missing: @babel/plugin-syntax-json-strings@7.8.3 from lock file\nnpm ERR! Missing: @babel/plugin-syntax-logical-assignment-operators@7.10.4 from lock file\nnpm ERR! Missing: @babel/plugin-syntax-nullish-coalescing-operator@7.8.3 from lock file\nnpm ERR! Missing: @babel/plugin-syntax-numeric-separator@7.10.4 from lock file\nnpm ERR! Missing: @babel/plugin-syntax-object-rest-spread@7.8.3 from lock file\nnpm ERR! Missing: @babel/plugin-syntax-optional-catch-binding@7.8.3 from lock file\nnpm ERR! Missing: @babel/plugin-syntax-optional-chaining@7.8.3 from lock file\nnpm ERR! Missing: @babel/plugin-syntax-private-property-in-object@7.14.5 from lock file\nnpm ERR! Missing: @babel/plugin-syntax-top-level-await@7.14.5 from lock file\nnpm ERR! Missing: @jest/environment@29.7.0 from lock file\nnpm ERR! Missing: @jest/expect@29.7.0 from lock file\nnpm ERR! Missing: co@4.6.0 from lock file\nnpm ERR! Missing: dedent@1.5.3 from lock file\nnpm ERR! Missing: is-generator-fn@2.1.0 from lock file\nnpm ERR! Missing: jest-each@29.7.0 from lock file\nnpm ERR! Missing: jest-matcher-utils@29.7.0 from lock file\nnpm ERR! Missing: pure-rand@6.1.0 from lock file\nnpm ERR! Missing: stack-utils@2.0.6 from lock file\nnpm ERR! Missing: @jest/fake-timers@29.7.0 from lock file\nnpm ERR! Missing: jest-mock@29.7.0 from lock file\nnpm ERR! Missing: expect@29.7.0 from lock file\nnpm ERR! Missing: @sinonjs/fake-timers@10.3.0 from lock file\nnpm ERR! Missing: @sinonjs/commons@3.0.1 from lock file\nnpm ERR! Missing: type-detect@4.0.8 from lock file\nnpm ERR! Missing: @jest/expect-utils@29.7.0 from lock file\nnpm ERR! Missing: @types/graceful-fs@4.1.9 from lock file\nnpm ERR! Missing: anymatch@3.1.3 from lock file\nnpm ERR! Missing: fb-watchman@2.0.2 from lock file\nnpm ERR! Missing: fsevents@2.3.3 from lock file\nnpm ERR! Missing: walker@1.0.8 from lock file\nnpm ERR! Missing: normalize-path@3.0.0 from lock file\nnpm ERR! Missing: picomatch@2.3.1 from lock file\nnpm ERR! Missing: bser@2.1.1 from lock file\nnpm ERR! Missing: node-int64@0.4.0 from lock file\nnpm ERR! Missing: jest-diff@29.7.0 from lock file\nnpm ERR! Missing: diff-sequences@29.6.3 from lock file\nnpm ERR! Missing: @types/stack-utils@2.0.3 from lock file\nnpm ERR! Missing: jest-pnp-resolver@1.2.3 from lock file\nnpm ERR! Missing: resolve@1.22.8 from lock file\nnpm ERR! Missing: resolve.exports@2.0.2 from lock file\nnpm ERR! Missing: emittery@0.13.1 from lock file\nnpm ERR! Missing: jest-docblock@29.7.0 from lock file\nnpm ERR! Missing: jest-leak-detector@29.7.0 from lock file\nnpm ERR! Missing: source-map-support@0.5.13 from lock file\nnpm ERR! Missing: detect-newline@3.1.0 from lock file\nnpm ERR! Missing: @jest/globals@29.7.0 from lock file\nnpm ERR! Missing: @jest/source-map@29.6.3 from lock file\nnpm ERR! Missing: cjs-module-lexer@1.4.1 from lock file\nnpm ERR! Missing: strip-bom@4.0.0 from lock file\nnpm ERR! Missing: callsites@3.1.0 from lock file\nnpm ERR! Missing: @babel/plugin-syntax-jsx@7.24.7 from lock file\nnpm ERR! Missing: @babel/plugin-syntax-typescript@7.25.4 from lock file\nnpm ERR! Missing: natural-compare@1.4.0 from lock file\nnpm ERR! Missing: camelcase@6.3.0 from lock file\nnpm ERR! Missing: leven@3.1.0 from lock file\nnpm ERR! Missing: supports-color@8.1.1 from lock file\nnpm ERR! Missing: argparse@1.0.10 from lock file\nnpm ERR! Missing: esprima@4.0.1 from lock file\nnpm ERR! Missing: sprintf-js@1.0.3 from lock file\nnpm ERR! Missing: p-locate@4.1.0 from lock file\nnpm ERR! Missing: braces@3.0.3 from lock file\nnpm ERR! Missing: fill-range@7.1.1 from lock file\nnpm ERR! Missing: to-regex-range@5.0.1 from lock file\nnpm ERR! Missing: brace-expansion@1.1.11 from lock file\nnpm ERR! Missing: balanced-match@1.0.2 from lock file\nnpm ERR! Missing: concat-map@0.0.1 from lock file\nnpm ERR! Missing: mimic-fn@2.1.0 from lock file\nnpm ERR! Missing: p-limit@2.3.0 from lock file\nnpm ERR! Missing: error-ex@1.3.2 from lock file\nnpm ERR! Missing: json-parse-even-better-errors@2.3.1 from lock file\nnpm ERR! Missing: lines-and-columns@1.2.4 from lock file\nnpm ERR! Missing: is-arrayish@0.2.1 from lock file\nnpm ERR! Missing: ansi-styles@5.2.0 from lock file\nnpm ERR! Missing: react-is@18.3.1 from lock file\nnpm ERR! Missing: kleur@3.0.3 from lock file\nnpm ERR! Missing: sisteransi@1.0.5 from lock file\nnpm ERR! Missing: is-core-module@2.15.1 from lock file\nnpm ERR! Missing: path-parse@1.0.7 from lock file\nnpm ERR! Missing: supports-preserve-symlinks-flag@1.0.0 from lock file\nnpm ERR! Missing: shebang-regex@3.0.0 from lock file\nnpm ERR! Missing: buffer-from@1.1.2 from lock file\nnpm ERR! Missing: escape-string-regexp@2.0.0 from lock file\nnpm ERR! Missing: char-regex@1.0.2 from lock file\nnpm ERR! Missing: has-flag@4.0.0 from lock file\nnpm ERR! Missing: is-number@7.0.0 from lock file\nnpm ERR! Missing: makeerror@1.0.12 from lock file\nnpm ERR! Missing: tmpl@1.0.5 from lock file\nnpm ERR! Missing: isexe@2.0.0 from lock file\nnpm ERR! Missing: imurmurhash@0.1.4 from lock file\nnpm ERR! Missing: ms@2.1.3 from lock file\nnpm ERR! Missing: yallist@3.1.1 from lock file\nnpm ERR! Missing: ansi-styles@3.2.1 from lock file\nnpm ERR! Missing: escape-string-regexp@1.0.5 from lock file\nnpm ERR! Missing: supports-color@5.5.0 from lock file\nnpm ERR! Missing: color-convert@1.9.3 from lock file\nnpm ERR! Missing: color-name@1.1.3 from lock file\nnpm ERR! Missing: has-flag@3.0.0 from lock file\nnpm ERR! Missing: ms@2.1.3 from lock file\nnpm ERR! Missing: semver@6.3.1 from lock file\nnpm ERR! Missing: ms@2.1.3 from lock file\nnpm ERR! Missing: p-try@2.2.0 from lock file\nnpm ERR! \nnpm ERR! Clean install a project\nnpm ERR! \nnpm ERR! Usage:\nnpm ERR! npm ci\nnpm ERR! \nnpm ERR! Options:\nnpm ERR! [-S|--save|--no-save|--save-prod|--save-dev|--save-optional|--save-peer|--save-bundle]\nnpm ERR! [-E|--save-exact] [-g|--global] [--global-style] [--legacy-bundling]\nnpm ERR! [--omit <dev|optional|peer> [--omit <dev|optional|peer> ...]]\nnpm ERR! [--strict-peer-deps] [--no-package-lock] [--foreground-scripts]\nnpm ERR! [--ignore-scripts] [--no-audit] [--no-bin-links] [--no-fund] [--dry-run]\nnpm ERR! [-w|--workspace <workspace-name> [-w|--workspace <workspace-name> ...]]\nnpm ERR! [-ws|--workspaces] [--include-workspace-root] [--install-links]\nnpm ERR! \nnpm ERR! aliases: clean-install, ic, install-clean, isntall-clean\nnpm ERR! \nnpm ERR! Run \"npm help ci\" for more info\n\nnpm ERR! A complete log of this run can be found in:\nnpm ERR!     /www-data-home/.npm/_logs/2024-09-20T11_13_53_307Z-debug-0.log. For more details see the logs at https://console.cloud.google.com/cloud-build/builds;region=us-central1/1f97785f-eecd-42d6-b787-4bc7593afb2f?project=159250775284."
    },
    "status": 3,
    "code": 3
  }
}
[debug] [2024-09-20T11:14:08.301Z] Error: Failed to create function onFileDelete in region us-central1
    at D:\nvm\v18.20.4\node_modules\firebase-tools\lib\deploy\functions\release\fabricator.js:294:27
    at process.processTicksAndRejections (node:internal/process/task_queues:95:5)
    at async Fabricator.createV2Function (D:\nvm\v18.20.4\node_modules\firebase-tools\lib\deploy\functions\release\fabricator.js:278:30)
    at async Fabricator.createEndpoint (D:\nvm\v18.20.4\node_modules\firebase-tools\lib\deploy\functions\release\fabricator.js:137:13)
    at async handle (D:\nvm\v18.20.4\node_modules\firebase-tools\lib\deploy\functions\release\fabricator.js:89:17)
[error] 
[error] Error: There was an error deploying functions
